#
# There is insufficient memory for the Java Runtime Environment to continue.
# Native memory allocation (malloc) failed to allocate 1048576 bytes. Error detail: AllocateHeap
# Possible reasons:
#   The system is out of physical RAM or swap space
#   This process is running with CompressedOops enabled, and the Java Heap may be blocking the growth of the native heap
# Possible solutions:
#   Reduce memory load on the system
#   Increase physical memory or swap space
#   Check if swap backing store is full
#   Decrease Java heap size (-Xmx/-Xms)
#   Decrease number of Java threads
#   Decrease Java thread stack sizes (-Xss)
#   Set larger code cache with -XX:ReservedCodeCacheSize=
#   JVM is running with Unscaled Compressed Oops mode in which the Java heap is
#     placed in the first 4GB address space. The Java Heap base address is the
#     maximum limit for the native heap growth. Please use -XX:HeapBaseMinAddress
#     to set the Java Heap base and to place the Java Heap above 4GB virtual address.
# This output file may be truncated or incomplete.
#
#  Out of Memory Error (allocation.cpp:44), pid=30052, tid=28488
#
# JRE version: OpenJDK Runtime Environment Temurin-21.0.8+9 (21.0.8+9) (build 21.0.8+9-LTS)
# Java VM: OpenJDK 64-Bit Server VM Temurin-21.0.8+9 (21.0.8+9-LTS, mixed mode, sharing, tiered, compressed oops, compressed class ptrs, parallel gc, windows-amd64)
# No core dump will be written. Minidumps are not enabled by default on client versions of Windows
#

---------------  S U M M A R Y ------------

Command Line: --add-modules=ALL-SYSTEM --add-opens=java.base/java.util=ALL-UNNAMED --add-opens=java.base/java.lang=ALL-UNNAMED --add-opens=java.base/sun.nio.fs=ALL-UNNAMED -Declipse.application=org.eclipse.jdt.ls.core.id1 -Dosgi.bundles.defaultStartLevel=4 -Declipse.product=org.eclipse.jdt.ls.core.product -Djava.import.generatesMetadataFilesAtProjectRoot=false -DDetectVMInstallationsJob.disabled=true -Dfile.encoding=utf8 -XX:+UseParallelGC -XX:GCTimeRatio=4 -XX:AdaptiveSizePolicyWeight=90 -Dsun.zip.disableMemoryMapping=true -Xmx2G -Xms100m -Xlog:disable -javaagent:c:\Users\Lenevo\.vscode\extensions\redhat.java-1.46.0-win32-x64\lombok\lombok-1.18.39-4050.jar -XX:+HeapDumpOnOutOfMemoryError -XX:HeapDumpPath=c:\Users\Lenevo\AppData\Roaming\Code\User\workspaceStorage\0e16ea0f1af15fade8e53a4aa33cfae1\redhat.java -Daether.dependencyCollector.impl=bf c:\Users\Lenevo\.vscode\extensions\redhat.java-1.46.0-win32-x64\server\plugins\org.eclipse.equinox.launcher_1.7.0.v20250519-0528.jar -configuration c:\Users\Lenevo\AppData\Roaming\Code\User\globalStorage\redhat.java\1.46.0\config_win -data c:\Users\Lenevo\AppData\Roaming\Code\User\workspaceStorage\0e16ea0f1af15fade8e53a4aa33cfae1\redhat.java\jdt_ws --pipe=\\.\pipe\lsp-64694a17fbd4784345391d546f530a20-sock

Host: AMD Ryzen 7 7840HS w/ Radeon 780M Graphics     , 16 cores, 15G,  Windows 11 , 64 bit Build 26100 (10.0.26100.6725)
Time: Mon Oct 13 17:54:58 2025 India Standard Time elapsed time: 1641.742761 seconds (0d 0h 27m 21s)

---------------  T H R E A D  ---------------

Current thread (0x0000022c678f3630):  JavaThread "Attach Listener" daemon [_thread_in_vm, id=28488, stack(0x0000009168600000,0x0000009168700000) (1024K)]

Stack: [0x0000009168600000,0x0000009168700000]
Native frames: (J=compiled Java code, j=interpreted, Vv=VM code, C=native code)
V  [jvm.dll+0x6d2449]
V  [jvm.dll+0x8ae341]
V  [jvm.dll+0x8b08be]
V  [jvm.dll+0x8b0fa3]
V  [jvm.dll+0x280c96]
V  [jvm.dll+0xc0347]
V  [jvm.dll+0x6d2cf9]
V  [jvm.dll+0x131116]
V  [jvm.dll+0x3f2d16]
V  [jvm.dll+0x857e6b]
V  [jvm.dll+0x6d0b0d]
C  [ucrtbase.dll+0x37b0]
C  [KERNEL32.DLL+0x2e8d7]
C  [ntdll.dll+0x8c53c]


---------------  P R O C E S S  ---------------

Threads class SMR info:
_java_thread_list=0x0000022c55b40fa0, length=122, elements={
0x0000022c6786b350, 0x0000022c678e6390, 0x0000022c677eb530, 0x0000022c677ee530,
0x0000022c678f3630, 0x0000022c678f6ff0, 0x0000022c678fe640, 0x0000022c7f3a7f70,
0x0000022c7f3b41f0, 0x0000022c7f4b4920, 0x0000022c7f6ae440, 0x0000022c4689f7e0,
0x0000022c46bf5010, 0x0000022c46874590, 0x0000022c46c70b10, 0x0000022c47063f90,
0x0000022c47061ec0, 0x0000022c47063900, 0x0000022c47062550, 0x0000022c47063270,
0x0000022c47062be0, 0x0000022c49290420, 0x0000022c492924f0, 0x0000022c49291e60,
0x0000022c49292b80, 0x0000022c4928f700, 0x0000022c492917d0, 0x0000022c49293210,
0x0000022c492938a0, 0x0000022c49293f30, 0x0000022c49290ab0, 0x0000022c492945c0,
0x0000022c49291140, 0x0000022c49296690, 0x0000022c49294c50, 0x0000022c492952e0,
0x0000022c49295970, 0x0000022c49296d20, 0x0000022c49296000, 0x0000022c4970de80,
0x0000022c4970e510, 0x0000022c4caf1a20, 0x0000022c4ad30850, 0x0000022c4ad2fb30,
0x0000022c4ad30ee0, 0x0000022c4ad2da60, 0x0000022c4ad2ee10, 0x0000022c4ad31570,
0x0000022c4ad31c00, 0x0000022c4ad2e780, 0x0000022c4ad32290, 0x0000022c4ad349f0,
0x0000022c4ad32fb0, 0x0000022c4d176a00, 0x0000022c4d177720, 0x0000022c4d177db0,
0x0000022c4c9d7a40, 0x0000022c4a7b1e00, 0x0000022c4caedf10, 0x0000022c4caf2dd0,
0x0000022c4caf4810, 0x0000022c4caf3af0, 0x0000022c4caf4180, 0x0000022c4caf4ea0,
0x0000022c4970ff50, 0x0000022c497105e0, 0x0000022c4970d7f0, 0x0000022c497133d0,
0x0000022c49711300, 0x0000022c497126b0, 0x0000022c4caed880, 0x0000022c4caf0670,
0x0000022c4caeec30, 0x0000022c4caef2c0, 0x0000022c4caef950, 0x0000022c4ad2f4a0,
0x0000022c4ad2e0f0, 0x0000022c4ad32920, 0x0000022c4ad33640, 0x0000022c4ad301c0,
0x0000022c4ad35080, 0x0000022c4a7b1770, 0x0000022c4a7b0a50, 0x0000022c4a7b31b0,
0x0000022c4a7b03c0, 0x0000022c4a7b4560, 0x0000022c4c9d6000, 0x0000022c4c9d38a0,
0x0000022c4c9d80d0, 0x0000022c4d175650, 0x0000022c49712020, 0x0000022c49713a60,
0x0000022c4d178440, 0x0000022c47064cb0, 0x0000022c47065340, 0x0000022c4caf20b0,
0x0000022c4caee5a0, 0x0000022c4a7b2b20, 0x0000022c4a7b4bf0, 0x0000022c4c9d8df0,
0x0000022c4caf3460, 0x0000022c4631ef20, 0x0000022c4631c7c0, 0x0000022c4631db70,
0x0000022c4631f5b0, 0x0000022c4631ce50, 0x0000022c4631d4e0, 0x0000022c4631e890,
0x0000022c4631e200, 0x0000022c4631c130, 0x0000022c463230c0, 0x0000022c46321d10,
0x0000022c463223a0, 0x0000022c46322a30, 0x0000022c46321680, 0x0000022c46320960,
0x0000022c4631fc40, 0x0000022c4c9d6690, 0x0000022c4c9d3210, 0x0000022c46d954e0,
0x0000022c46d976f0, 0x0000022c48d375c0
}

Java Threads: ( => current thread )
  0x0000022c6786b350 JavaThread "main"                              [_thread_blocked, id=27112, stack(0x0000009167f00000,0x0000009168000000) (1024K)]
  0x0000022c678e6390 JavaThread "Reference Handler"          daemon [_thread_blocked, id=26536, stack(0x0000009168300000,0x0000009168400000) (1024K)]
  0x0000022c677eb530 JavaThread "Finalizer"                  daemon [_thread_blocked, id=18988, stack(0x0000009168400000,0x0000009168500000) (1024K)]
  0x0000022c677ee530 JavaThread "Signal Dispatcher"          daemon [_thread_blocked, id=30504, stack(0x0000009168500000,0x0000009168600000) (1024K)]
=>0x0000022c678f3630 JavaThread "Attach Listener"            daemon [_thread_in_vm, id=28488, stack(0x0000009168600000,0x0000009168700000) (1024K)]
  0x0000022c678f6ff0 JavaThread "Service Thread"             daemon [_thread_blocked, id=8060, stack(0x0000009168700000,0x0000009168800000) (1024K)]
  0x0000022c678fe640 JavaThread "Monitor Deflation Thread"   daemon [_thread_blocked, id=10276, stack(0x0000009168800000,0x0000009168900000) (1024K)]
  0x0000022c7f3a7f70 JavaThread "C2 CompilerThread0"         daemon [_thread_blocked, id=26812, stack(0x0000009168900000,0x0000009168a00000) (1024K)]
  0x0000022c7f3b41f0 JavaThread "C1 CompilerThread0"         daemon [_thread_blocked, id=22448, stack(0x0000009168a00000,0x0000009168b00000) (1024K)]
  0x0000022c7f4b4920 JavaThread "Common-Cleaner"             daemon [_thread_blocked, id=13596, stack(0x0000009168b00000,0x0000009168c00000) (1024K)]
  0x0000022c7f6ae440 JavaThread "Notification Thread"        daemon [_thread_blocked, id=28560, stack(0x0000009169000000,0x0000009169100000) (1024K)]
  0x0000022c4689f7e0 JavaThread "Active Thread: Equinox Container: 3c8afafe-a0b3-481b-9970-bc86387acd9a"        [_thread_blocked, id=27084, stack(0x0000009169900000,0x0000009169a00000) (1024K)]
  0x0000022c46bf5010 JavaThread "Refresh Thread: Equinox Container: 3c8afafe-a0b3-481b-9970-bc86387acd9a" daemon [_thread_blocked, id=6560, stack(0x0000009169b00000,0x0000009169c00000) (1024K)]
  0x0000022c46874590 JavaThread "Framework Event Dispatcher: Equinox Container: 3c8afafe-a0b3-481b-9970-bc86387acd9a" daemon [_thread_blocked, id=24116, stack(0x0000009169c00000,0x0000009169d00000) (1024K)]
  0x0000022c46c70b10 JavaThread "Start Level: Equinox Container: 3c8afafe-a0b3-481b-9970-bc86387acd9a" daemon [_thread_blocked, id=28552, stack(0x0000009169d00000,0x0000009169e00000) (1024K)]
  0x0000022c47063f90 JavaThread "Bundle File Closer"         daemon [_thread_blocked, id=27076, stack(0x000000916a100000,0x000000916a200000) (1024K)]
  0x0000022c47061ec0 JavaThread "SCR Component Actor"        daemon [_thread_blocked, id=30636, stack(0x0000009169800000,0x0000009169900000) (1024K)]
  0x0000022c47063900 JavaThread "Worker-JM"                         [_thread_blocked, id=16976, stack(0x000000916a400000,0x000000916a500000) (1024K)]
  0x0000022c47062550 JavaThread "JNA Cleaner"                daemon [_thread_blocked, id=25868, stack(0x000000916a300000,0x000000916a400000) (1024K)]
  0x0000022c47063270 JavaThread "Worker-0"                          [_thread_blocked, id=19948, stack(0x000000916a600000,0x000000916a700000) (1024K)]
  0x0000022c47062be0 JavaThread "Java indexing"              daemon [_thread_blocked, id=28016, stack(0x000000916a800000,0x000000916a900000) (1024K)]
  0x0000022c49290420 JavaThread "Thread-1"                   daemon [_thread_in_native, id=16140, stack(0x000000916ad00000,0x000000916ae00000) (1024K)]
  0x0000022c492924f0 JavaThread "Thread-2"                   daemon [_thread_in_native, id=9092, stack(0x000000916ae00000,0x000000916af00000) (1024K)]
  0x0000022c49291e60 JavaThread "Thread-3"                   daemon [_thread_in_native, id=29548, stack(0x000000916af00000,0x000000916b000000) (1024K)]
  0x0000022c49292b80 JavaThread "Thread-4"                   daemon [_thread_in_native, id=9764, stack(0x000000916b000000,0x000000916b100000) (1024K)]
  0x0000022c4928f700 JavaThread "Thread-5"                   daemon [_thread_in_native, id=20424, stack(0x000000916b100000,0x000000916b200000) (1024K)]
  0x0000022c492917d0 JavaThread "Thread-6"                   daemon [_thread_in_native, id=4156, stack(0x000000916b200000,0x000000916b300000) (1024K)]
  0x0000022c49293210 JavaThread "Thread-7"                   daemon [_thread_in_native, id=23436, stack(0x000000916b300000,0x000000916b400000) (1024K)]
  0x0000022c492938a0 JavaThread "Thread-8"                   daemon [_thread_in_native, id=28328, stack(0x000000916b400000,0x000000916b500000) (1024K)]
  0x0000022c49293f30 JavaThread "Thread-9"                   daemon [_thread_in_native, id=2672, stack(0x000000916b500000,0x000000916b600000) (1024K)]
  0x0000022c49290ab0 JavaThread "Thread-10"                  daemon [_thread_in_native, id=15792, stack(0x000000916b600000,0x000000916b700000) (1024K)]
  0x0000022c492945c0 JavaThread "Thread-11"                  daemon [_thread_in_native, id=22568, stack(0x000000916b700000,0x000000916b800000) (1024K)]
  0x0000022c49291140 JavaThread "Thread-12"                  daemon [_thread_in_native, id=29564, stack(0x000000916b800000,0x000000916b900000) (1024K)]
  0x0000022c49296690 JavaThread "Thread-13"                  daemon [_thread_in_native, id=23108, stack(0x000000916b900000,0x000000916ba00000) (1024K)]
  0x0000022c49294c50 JavaThread "Thread-14"                  daemon [_thread_in_native, id=28628, stack(0x000000916ba00000,0x000000916bb00000) (1024K)]
  0x0000022c492952e0 JavaThread "Thread-15"                  daemon [_thread_in_native, id=2428, stack(0x000000916bb00000,0x000000916bc00000) (1024K)]
  0x0000022c49295970 JavaThread "Thread-16"                  daemon [_thread_in_native, id=28160, stack(0x000000916bc00000,0x000000916bd00000) (1024K)]
  0x0000022c49296d20 JavaThread "Thread-17"                  daemon [_thread_in_native, id=28340, stack(0x000000916bd00000,0x000000916be00000) (1024K)]
  0x0000022c49296000 JavaThread "pool-2-thread-1"                   [_thread_blocked, id=25628, stack(0x000000916be00000,0x000000916bf00000) (1024K)]
  0x0000022c4970de80 JavaThread "WorkspaceEventsHandler"            [_thread_blocked, id=28044, stack(0x000000916c500000,0x000000916c600000) (1024K)]
  0x0000022c4970e510 JavaThread "pool-1-thread-1"                   [_thread_blocked, id=18732, stack(0x000000916c600000,0x000000916c700000) (1024K)]
  0x0000022c4caf1a20 JavaThread "ForkJoinPool.commonPool-worker-1" daemon [_thread_blocked, id=28800, stack(0x000000916d400000,0x000000916d500000) (1024K)]
  0x0000022c4ad30850 JavaThread "ForkJoinPool.commonPool-worker-2" daemon [_thread_blocked, id=18528, stack(0x000000916e700000,0x000000916e800000) (1024K)]
  0x0000022c4ad2fb30 JavaThread "ForkJoinPool.commonPool-worker-3" daemon [_thread_blocked, id=240, stack(0x000000916e800000,0x000000916e900000) (1024K)]
  0x0000022c4ad30ee0 JavaThread "ForkJoinPool.commonPool-worker-4" daemon [_thread_blocked, id=25828, stack(0x000000916e900000,0x000000916ea00000) (1024K)]
  0x0000022c4ad2da60 JavaThread "ForkJoinPool.commonPool-worker-5" daemon [_thread_blocked, id=29260, stack(0x000000916ea00000,0x000000916eb00000) (1024K)]
  0x0000022c4ad2ee10 JavaThread "ForkJoinPool.commonPool-worker-6" daemon [_thread_blocked, id=30048, stack(0x000000916eb00000,0x000000916ec00000) (1024K)]
  0x0000022c4ad31570 JavaThread "ForkJoinPool.commonPool-worker-7" daemon [_thread_blocked, id=21460, stack(0x000000916ec00000,0x000000916ed00000) (1024K)]
  0x0000022c4ad31c00 JavaThread "ForkJoinPool.commonPool-worker-8" daemon [_thread_blocked, id=30376, stack(0x000000916ed00000,0x000000916ee00000) (1024K)]
  0x0000022c4ad2e780 JavaThread "ForkJoinPool.commonPool-worker-9" daemon [_thread_blocked, id=29616, stack(0x000000916ee00000,0x000000916ef00000) (1024K)]
  0x0000022c4ad32290 JavaThread "ForkJoinPool.commonPool-worker-10" daemon [_thread_blocked, id=28808, stack(0x000000916ef00000,0x000000916f000000) (1024K)]
  0x0000022c4ad349f0 JavaThread "ForkJoinPool.commonPool-worker-11" daemon [_thread_blocked, id=6272, stack(0x000000916f000000,0x000000916f100000) (1024K)]
  0x0000022c4ad32fb0 JavaThread "Cleaner-0"                  daemon [_thread_blocked, id=27128, stack(0x000000916f300000,0x000000916f400000) (1024K)]
  0x0000022c4d176a00 JavaThread "Java Debug Server"          daemon [_thread_in_native, id=5700, stack(0x0000009167e00000,0x0000009167f00000) (1024K)]
  0x0000022c4d177720 JavaThread "RxSchedulerPurge-1"         daemon [_thread_blocked, id=27888, stack(0x0000009168d00000,0x0000009168e00000) (1024K)]
  0x0000022c4d177db0 JavaThread "RxCachedWorkerPoolEvictor-1" daemon [_thread_blocked, id=12908, stack(0x0000009168e00000,0x0000009168f00000) (1024K)]
  0x0000022c4c9d7a40 JavaThread "pool-3-thread-3"                   [_thread_in_native, id=15412, stack(0x000000916a900000,0x000000916aa00000) (1024K)]
  0x0000022c4a7b1e00 JavaThread "process reaper (pid 28028)" daemon [_thread_in_native, id=26020, stack(0x00000091679b0000,0x00000091679d0000) (128K)]
  0x0000022c4caedf10 JavaThread "RxNewThreadScheduler-41"    daemon [_thread_blocked, id=25864, stack(0x000000916a200000,0x000000916a300000) (1024K)]
  0x0000022c4caf2dd0 JavaThread "Worker-8"                          [_thread_blocked, id=28480, stack(0x0000009168c00000,0x0000009168d00000) (1024K)]
  0x0000022c4caf4810 JavaThread "pool-3-thread-4"                   [_thread_in_native, id=24464, stack(0x000000916ab00000,0x000000916ac00000) (1024K)]
  0x0000022c4caf3af0 JavaThread "RxNewThreadScheduler-43"    daemon [_thread_blocked, id=30460, stack(0x000000916c000000,0x000000916c100000) (1024K)]
  0x0000022c4caf4180 JavaThread "process reaper (pid 28680)" daemon [_thread_in_native, id=21536, stack(0x00000091679d0000,0x00000091679f0000) (128K)]
  0x0000022c4caf4ea0 JavaThread "pool-3-thread-5"                   [_thread_in_native, id=29460, stack(0x000000916c100000,0x000000916c200000) (1024K)]
  0x0000022c4970ff50 JavaThread "RxNewThreadScheduler-45"    daemon [_thread_blocked, id=20920, stack(0x000000916c300000,0x000000916c400000) (1024K)]
  0x0000022c497105e0 JavaThread "process reaper (pid 26168)" daemon [_thread_in_native, id=30572, stack(0x000000916c400000,0x000000916c420000) (128K)]
  0x0000022c4970d7f0 JavaThread "pool-3-thread-6"                   [_thread_in_native, id=30260, stack(0x000000916c900000,0x000000916ca00000) (1024K)]
  0x0000022c497133d0 JavaThread "RxNewThreadScheduler-47"    daemon [_thread_blocked, id=5972, stack(0x000000916ca00000,0x000000916cb00000) (1024K)]
  0x0000022c49711300 JavaThread "process reaper (pid 29368)" daemon [_thread_in_native, id=16896, stack(0x000000916c420000,0x000000916c440000) (128K)]
  0x0000022c497126b0 JavaThread "pool-3-thread-7"                   [_thread_in_native, id=27996, stack(0x000000916aa00000,0x000000916ab00000) (1024K)]
  0x0000022c4caed880 JavaThread "RxNewThreadScheduler-49"    daemon [_thread_blocked, id=2772, stack(0x000000916bf00000,0x000000916c000000) (1024K)]
  0x0000022c4caf0670 JavaThread "process reaper (pid 14980)" daemon [_thread_in_native, id=23196, stack(0x000000916c440000,0x000000916c460000) (128K)]
  0x0000022c4caeec30 JavaThread "pool-3-thread-8"                   [_thread_in_native, id=29968, stack(0x000000916c800000,0x000000916c900000) (1024K)]
  0x0000022c4caef2c0 JavaThread "RxNewThreadScheduler-51"    daemon [_thread_blocked, id=13636, stack(0x000000916cc00000,0x000000916cd00000) (1024K)]
  0x0000022c4caef950 JavaThread "process reaper (pid 27020)" daemon [_thread_in_native, id=12132, stack(0x000000916c460000,0x000000916c480000) (128K)]
  0x0000022c4ad2f4a0 JavaThread "pool-3-thread-9"                   [_thread_in_native, id=5916, stack(0x000000916ce00000,0x000000916cf00000) (1024K)]
  0x0000022c4ad2e0f0 JavaThread "RxNewThreadScheduler-53"    daemon [_thread_blocked, id=4468, stack(0x000000916cf00000,0x000000916d000000) (1024K)]
  0x0000022c4ad32920 JavaThread "process reaper (pid 25080)" daemon [_thread_in_native, id=13620, stack(0x000000916c480000,0x000000916c4a0000) (128K)]
  0x0000022c4ad33640 JavaThread "pool-3-thread-10"                  [_thread_in_native, id=27652, stack(0x000000916d000000,0x000000916d100000) (1024K)]
  0x0000022c4ad301c0 JavaThread "RxNewThreadScheduler-55"    daemon [_thread_blocked, id=30272, stack(0x000000916d100000,0x000000916d200000) (1024K)]
  0x0000022c4ad35080 JavaThread "process reaper (pid 19264)" daemon [_thread_in_native, id=30232, stack(0x000000916c4a0000,0x000000916c4c0000) (128K)]
  0x0000022c4a7b1770 JavaThread "pool-3-thread-11"                  [_thread_in_native, id=26264, stack(0x000000916d200000,0x000000916d300000) (1024K)]
  0x0000022c4a7b0a50 JavaThread "RxNewThreadScheduler-57"    daemon [_thread_blocked, id=7192, stack(0x000000916d300000,0x000000916d400000) (1024K)]
  0x0000022c4a7b31b0 JavaThread "process reaper (pid 23260)" daemon [_thread_in_native, id=29040, stack(0x000000916c4c0000,0x000000916c4e0000) (128K)]
  0x0000022c4a7b03c0 JavaThread "pool-3-thread-12"                  [_thread_in_native, id=28648, stack(0x000000916c700000,0x000000916c800000) (1024K)]
  0x0000022c4a7b4560 JavaThread "RxNewThreadScheduler-59"    daemon [_thread_blocked, id=27352, stack(0x000000916d500000,0x000000916d600000) (1024K)]
  0x0000022c4c9d6000 JavaThread "process reaper (pid 15252)" daemon [_thread_in_native, id=19112, stack(0x000000916c4e0000,0x000000916c500000) (128K)]
  0x0000022c4c9d38a0 JavaThread "pool-3-thread-13"                  [_thread_in_native, id=12276, stack(0x000000916d900000,0x000000916da00000) (1024K)]
  0x0000022c4c9d80d0 JavaThread "RxNewThreadScheduler-61"    daemon [_thread_blocked, id=17568, stack(0x000000916da00000,0x000000916db00000) (1024K)]
  0x0000022c4d175650 JavaThread "process reaper (pid 18120)" daemon [_thread_in_native, id=19904, stack(0x000000916db00000,0x000000916db20000) (128K)]
  0x0000022c49712020 JavaThread "pool-3-thread-14"                  [_thread_in_native, id=27512, stack(0x000000916db20000,0x000000916dc20000) (1024K)]
  0x0000022c49713a60 JavaThread "RxNewThreadScheduler-63"    daemon [_thread_blocked, id=30256, stack(0x000000916dc20000,0x000000916dd20000) (1024K)]
  0x0000022c4d178440 JavaThread "process reaper (pid 27964)" daemon [_thread_in_native, id=30152, stack(0x000000916dd20000,0x000000916dd40000) (128K)]
  0x0000022c47064cb0 JavaThread "pool-3-thread-15"                  [_thread_in_native, id=31452, stack(0x000000916dd40000,0x000000916de40000) (1024K)]
  0x0000022c47065340 JavaThread "RxNewThreadScheduler-65"    daemon [_thread_blocked, id=27028, stack(0x000000916de40000,0x000000916df40000) (1024K)]
  0x0000022c4caf20b0 JavaThread "process reaper (pid 18596)" daemon [_thread_in_native, id=1996, stack(0x000000916df40000,0x000000916df60000) (128K)]
  0x0000022c4caee5a0 JavaThread "Compiler Source File Reader" daemon [_thread_blocked, id=21388, stack(0x0000009167c00000,0x0000009167d00000) (1024K)]
  0x0000022c4a7b2b20 JavaThread "pool-3-thread-16"                  [_thread_in_native, id=12116, stack(0x000000916e060000,0x000000916e160000) (1024K)]
  0x0000022c4a7b4bf0 JavaThread "RxNewThreadScheduler-67"    daemon [_thread_blocked, id=20936, stack(0x000000916e160000,0x000000916e260000) (1024K)]
  0x0000022c4c9d8df0 JavaThread "process reaper (pid 31156)" daemon [_thread_in_native, id=21400, stack(0x000000916e260000,0x000000916e280000) (128K)]
  0x0000022c4caf3460 JavaThread "Compiler Source File Reader" daemon [_thread_blocked, id=13068, stack(0x000000916a700000,0x000000916a800000) (1024K)]
  0x0000022c4631ef20 JavaThread "pool-3-thread-17"                  [_thread_in_native, id=28272, stack(0x000000916cb00000,0x000000916cc00000) (1024K)]
  0x0000022c4631c7c0 JavaThread "RxNewThreadScheduler-69"    daemon [_thread_blocked, id=5148, stack(0x000000916cd00000,0x000000916ce00000) (1024K)]
  0x0000022c4631db70 JavaThread "process reaper (pid 13408)" daemon [_thread_in_native, id=20648, stack(0x000000916e280000,0x000000916e2a0000) (128K)]
  0x0000022c4631f5b0 JavaThread "Compiler Source File Reader" daemon [_thread_blocked, id=26208, stack(0x000000916e480000,0x000000916e580000) (1024K)]
  0x0000022c4631ce50 JavaThread "pool-3-thread-18"                  [_thread_in_native, id=20892, stack(0x000000916e580000,0x000000916e680000) (1024K)]
  0x0000022c4631d4e0 JavaThread "RxNewThreadScheduler-71"    daemon [_thread_blocked, id=18384, stack(0x000000916f100000,0x000000916f200000) (1024K)]
  0x0000022c4631e890 JavaThread "process reaper (pid 24120)" daemon [_thread_in_native, id=16472, stack(0x000000916e2a0000,0x000000916e2c0000) (128K)]
  0x0000022c4631e200 JavaThread "Compiler Source File Reader" daemon [_thread_blocked, id=20640, stack(0x000000916f400000,0x000000916f500000) (1024K)]
  0x0000022c4631c130 JavaThread "pool-3-thread-19"                  [_thread_in_native, id=20000, stack(0x000000916f500000,0x000000916f600000) (1024K)]
  0x0000022c463230c0 JavaThread "RxNewThreadScheduler-73"    daemon [_thread_blocked, id=19344, stack(0x000000916f600000,0x000000916f700000) (1024K)]
  0x0000022c46321d10 JavaThread "process reaper (pid 31908)" daemon [_thread_in_native, id=31916, stack(0x000000916e2c0000,0x000000916e2e0000) (128K)]
  0x0000022c463223a0 JavaThread "Compiler Source File Reader" daemon [_thread_blocked, id=32348, stack(0x000000916f700000,0x000000916f800000) (1024K)]
  0x0000022c46322a30 JavaThread "pool-3-thread-20"                  [_thread_in_native, id=32360, stack(0x000000916f800000,0x000000916f900000) (1024K)]
  0x0000022c46321680 JavaThread "RxNewThreadScheduler-75"    daemon [_thread_blocked, id=32368, stack(0x000000916f900000,0x000000916fa00000) (1024K)]
  0x0000022c46320960 JavaThread "process reaper (pid 32604)" daemon [_thread_in_native, id=32636, stack(0x000000916e2e0000,0x000000916e300000) (128K)]
  0x0000022c4631fc40 JavaThread "Worker-10"                         [_thread_blocked, id=14788, stack(0x000000916c200000,0x000000916c300000) (1024K)]
  0x0000022c4c9d6690 JavaThread "Compiler Source File Reader" daemon [_thread_blocked, id=32288, stack(0x0000009167d00000,0x0000009167e00000) (1024K)]
  0x0000022c4c9d3210 JavaThread "Compiler Processing Task"   daemon [_thread_blocked, id=32668, stack(0x000000916d600000,0x000000916d700000) (1024K)]
  0x0000022c46d954e0 JavaThread "C1 CompilerThread1"         daemon [_thread_blocked, id=30984, stack(0x0000009168f00000,0x0000009169000000) (1024K)]
  0x0000022c46d976f0 JavaThread "C1 CompilerThread2"         daemon [_thread_blocked, id=32408, stack(0x000000916d700000,0x000000916d800000) (1024K)]
  0x0000022c48d375c0 JavaThread "C1 CompilerThread3"         daemon [_thread_blocked, id=17684, stack(0x000000916d800000,0x000000916d900000) (1024K)]
Total: 122

Other Threads:
  0x0000022c6552ec10 VMThread "VM Thread"                           [id=16592, stack(0x0000009168200000,0x0000009168300000) (1024K)]
  0x0000022c678d6400 WatcherThread "VM Periodic Task Thread"        [id=20132, stack(0x0000009168100000,0x0000009168200000) (1024K)]
  0x0000022c6788a700 WorkerThread "GC Thread#0"                     [id=26788, stack(0x0000009168000000,0x0000009168100000) (1024K)]
  0x0000022c46bf7280 WorkerThread "GC Thread#1"                     [id=29640, stack(0x0000009169200000,0x0000009169300000) (1024K)]
  0x0000022c46bf7620 WorkerThread "GC Thread#2"                     [id=10132, stack(0x0000009169300000,0x0000009169400000) (1024K)]
  0x0000022c46084590 WorkerThread "GC Thread#3"                     [id=27764, stack(0x0000009169400000,0x0000009169500000) (1024K)]
  0x0000022c46084930 WorkerThread "GC Thread#4"                     [id=11220, stack(0x0000009169500000,0x0000009169600000) (1024K)]
  0x0000022c46084cd0 WorkerThread "GC Thread#5"                     [id=444, stack(0x0000009169600000,0x0000009169700000) (1024K)]
  0x0000022c46740af0 WorkerThread "GC Thread#6"                     [id=7584, stack(0x0000009169700000,0x0000009169800000) (1024K)]
  0x0000022c46a468b0 WorkerThread "GC Thread#7"                     [id=25468, stack(0x0000009169a00000,0x0000009169b00000) (1024K)]
  0x0000022c46bd2730 WorkerThread "GC Thread#8"                     [id=28976, stack(0x0000009169e00000,0x0000009169f00000) (1024K)]
  0x0000022c46bd2ad0 WorkerThread "GC Thread#9"                     [id=19940, stack(0x0000009169f00000,0x000000916a000000) (1024K)]
  0x0000022c46e16790 WorkerThread "GC Thread#10"                    [id=26044, stack(0x000000916a000000,0x000000916a100000) (1024K)]
  0x0000022c46e16ed0 WorkerThread "GC Thread#11"                    [id=4268, stack(0x0000009169100000,0x0000009169200000) (1024K)]
  0x0000022c46e163f0 WorkerThread "GC Thread#12"                    [id=28428, stack(0x000000916a500000,0x000000916a600000) (1024K)]
Total: 15

Threads with active compile tasks:
Total: 0

VM state: not at safepoint (normal execution)

VM Mutex/Monitor currently owned by a thread: None

Heap address: 0x0000000080000000, size: 2048 MB, Compressed Oops mode: 32-bit

CDS archive(s) mapped at: [0x0000022c00000000-0x0000022c00ba0000-0x0000022c00ba0000), size 12189696, SharedBaseAddress: 0x0000022c00000000, ArchiveRelocationMode: 1.
Compressed class space mapped at: 0x0000022c01000000-0x0000022c41000000, reserved size: 1073741824
Narrow klass base: 0x0000022c00000000, Narrow klass shift: 0, Narrow klass range: 0x100000000

GC Precious Log:
 CardTable entry size: 512
 CPUs: 16 total, 16 available
 Memory: 15554M
 Large Page Support: Disabled
 NUMA Support: Disabled
 Compressed Oops: Enabled (32-bit)
 Alignments: Space 512K, Generation 512K, Heap 2M
 Heap Min Capacity: 100M
 Heap Initial Capacity: 100M
 Heap Max Capacity: 2G
 Pre-touch: Disabled
 Parallel Workers: 13

Heap:
 PSYoungGen      total 7680K, used 5452K [0x00000000d5580000, 0x00000000d6000000, 0x0000000100000000)
  eden space 6656K, 71% used [0x00000000d5580000,0x00000000d5a2b130,0x00000000d5c00000)
  from space 1024K, 65% used [0x00000000d5f00000,0x00000000d5fa8000,0x00000000d6000000)
  to   space 1024K, 0% used [0x00000000d5e00000,0x00000000d5e00000,0x00000000d5f00000)
 ParOldGen       total 1365504K, used 939231K [0x0000000080000000, 0x00000000d3580000, 0x00000000d5580000)
  object space 1365504K, 68% used [0x0000000080000000,0x00000000b9537d28,0x00000000d3580000)
 Metaspace       used 84752K, committed 86336K, reserved 1179648K
  class space    used 8467K, committed 9152K, reserved 1048576K

Card table byte_map: [0x0000022c671e0000,0x0000022c675f0000] _byte_map_base: 0x0000022c66de0000

Marking Bits: (ParMarkBitMap*) 0x00007ff8fc0aa340
 Begin Bits: [0x0000022c79ce0000, 0x0000022c7bce0000)
 End Bits:   [0x0000022c7bce0000, 0x0000022c7dce0000)

Polling page: 0x0000022c65610000

Metaspace:

Usage:
  Non-class:     74.50 MB used.
      Class:      8.27 MB used.
       Both:     82.77 MB used.

Virtual space:
  Non-class space:      128.00 MB reserved,      75.38 MB ( 59%) committed,  2 nodes.
      Class space:        1.00 GB reserved,       8.94 MB ( <1%) committed,  1 nodes.
             Both:        1.12 GB reserved,      84.31 MB (  7%) committed. 

Chunk freelists:
   Non-Class:  3.85 MB
       Class:  7.07 MB
        Both:  10.92 MB

MaxMetaspaceSize: unlimited
CompressedClassSpaceSize: 1.00 GB
Initial GC threshold: 21.00 MB
Current GC threshold: 138.56 MB
CDS: on
 - commit_granule_bytes: 65536.
 - commit_granule_words: 8192.
 - virtual_space_node_default_size: 8388608.
 - enlarge_chunks_in_place: 1.
 - use_allocation_guard: 0.


Internal statistics:

num_allocs_failed_limit: 9.
num_arena_births: 1566.
num_arena_deaths: 14.
num_vsnodes_births: 3.
num_vsnodes_deaths: 0.
num_space_committed: 1349.
num_space_uncommitted: 0.
num_chunks_returned_to_freelist: 23.
num_chunks_taken_from_freelist: 5775.
num_chunk_merges: 14.
num_chunk_splits: 3488.
num_chunks_enlarged: 1934.
num_inconsistent_stats: 0.

CodeHeap 'non-profiled nmethods': size=119168Kb used=23105Kb max_used=23791Kb free=96062Kb
 bounds [0x0000022c725d0000, 0x0000022c73d10000, 0x0000022c79a30000]
CodeHeap 'profiled nmethods': size=119104Kb used=44947Kb max_used=50660Kb free=74156Kb
 bounds [0x0000022c6aa30000, 0x0000022c6dbb0000, 0x0000022c71e80000]
CodeHeap 'non-nmethods': size=7488Kb used=3193Kb max_used=3260Kb free=4294Kb
 bounds [0x0000022c71e80000, 0x0000022c721c0000, 0x0000022c725d0000]
CodeCache: size=245760Kb, used=71245Kb, max_used=77711Kb, free=174512Kb
 total_blobs=19981, nmethods=19167, adapters=714, full_count=0
Compilation: enabled, stopped_count=0, restarted_count=0

Compilation events (20 events):
Event: 1641.451 Thread 0x0000022c4a4afb80 23693       4       org.eclipse.jdt.internal.core.Member::getDeclaringType (21 bytes)
Event: 1641.452 Thread 0x0000022c4a4afb80 nmethod 23693 0x0000022c731ecb10 code [0x0000022c731ecca0, 0x0000022c731ece18]
Event: 1641.452 Thread 0x0000022c4a4afb80 23694       4       lombok.eclipse.agent.PatchDelegatePortal::addGeneratedDelegateMethods (26 bytes)
Event: 1641.457 Thread 0x0000022c7f3a7f70 nmethod 23689 0x0000022c731ebf10 code [0x0000022c731ec0e0, 0x0000022c731ec710]
Event: 1641.462 Thread 0x0000022c7f3b41f0 23695       3       org.eclipse.jdt.internal.core.dom.rewrite.ASTRewriteAnalyzer::preVisit (90 bytes)
Event: 1641.462 Thread 0x0000022c4a4ae710 nmethod 23691 0x0000022c7322c810 code [0x0000022c7322ca60, 0x0000022c7322d6b8]
Event: 1641.462 Thread 0x0000022c7f3a7f70 23696       4       org.eclipse.jdt.internal.core.dom.rewrite.ASTRewriteAnalyzer::doCopySourcePreVisit (62 bytes)
Event: 1641.463 Thread 0x0000022c7f3b41f0 nmethod 23695 0x0000022c6aefb410 code [0x0000022c6aefb6a0, 0x0000022c6aefc138]
Event: 1641.465 Thread 0x0000022c7f3a7f70 nmethod 23696 0x0000022c731eb610 code [0x0000022c731eb7e0, 0x0000022c731eba10]
Event: 1641.488 Thread 0x0000022c4a4afb80 nmethod 23694 0x0000022c73228110 code [0x0000022c73228660, 0x0000022c7322ab00]
Event: 1641.518 Thread 0x0000022c48d375c0 23697  s    3       org.eclipse.jdt.core.dom.DefaultBindingResolver::getVariableBinding (230 bytes)
Event: 1641.518 Thread 0x0000022c46d976f0 23698       3       org.eclipse.jdt.core.dom.ASTSyntaxErrorPropagator::visit (6 bytes)
Event: 1641.518 Thread 0x0000022c46d976f0 nmethod 23698 0x0000022c6b0f6010 code [0x0000022c6b0f61c0, 0x0000022c6b0f62f8]
Event: 1641.519 Thread 0x0000022c48d375c0 nmethod 23697 0x0000022c6b952990 code [0x0000022c6b952c60, 0x0000022c6b953f70]
Event: 1641.522 Thread 0x0000022c7f3b41f0 23699       3       org.eclipse.jdt.internal.core.CompilationUnit::getOwner (23 bytes)
Event: 1641.522 Thread 0x0000022c7f3b41f0 nmethod 23699 0x0000022c6cc9af90 code [0x0000022c6cc9b160, 0x0000022c6cc9b768]
Event: 1641.646 Thread 0x0000022c48d375c0 23700  s    3       org.eclipse.jdt.core.dom.DefaultBindingResolver::resolveVariable (152 bytes)
Event: 1641.646 Thread 0x0000022c7f3a7f70 23701       4       org.eclipse.jdt.internal.compiler.lookup.ReferenceBinding::computeUniqueKey (14 bytes)
Event: 1641.646 Thread 0x0000022c48d375c0 nmethod 23700 0x0000022c6c3ff090 code [0x0000022c6c3ff340, 0x0000022c6c4004d0]
Event: 1641.647 Thread 0x0000022c7f3a7f70 nmethod 23701 0x0000022c73227d90 code [0x0000022c73227f20, 0x0000022c73227ff8]

GC Heap History (20 events):
Event: 1640.616 GC heap before
{Heap before GC invocations=4880 (full 5):
 PSYoungGen      total 7168K, used 7167K [0x00000000d5580000, 0x00000000d5e80000, 0x0000000100000000)
  eden space 6656K, 99% used [0x00000000d5580000,0x00000000d5bffff8,0x00000000d5c00000)
  from space 512K, 100% used [0x00000000d5e00000,0x00000000d5e80000,0x00000000d5e80000)
  to   space 1024K, 0% used [0x00000000d5c80000,0x00000000d5c80000,0x00000000d5d80000)
 ParOldGen       total 1365504K, used 930016K [0x0000000080000000, 0x00000000d3580000, 0x00000000d5580000)
  object space 1365504K, 68% used [0x0000000080000000,0x00000000b8c38168,0x00000000d3580000)
 Metaspace       used 84417K, committed 85952K, reserved 1179648K
  class space    used 8424K, committed 9088K, reserved 1048576K
}
Event: 1640.619 GC heap after
{Heap after GC invocations=4880 (full 5):
 PSYoungGen      total 7680K, used 576K [0x00000000d5580000, 0x00000000d5e80000, 0x0000000100000000)
  eden space 6656K, 0% used [0x00000000d5580000,0x00000000d5580000,0x00000000d5c00000)
  from space 1024K, 56% used [0x00000000d5c80000,0x00000000d5d10000,0x00000000d5d80000)
  to   space 1024K, 0% used [0x00000000d5d80000,0x00000000d5d80000,0x00000000d5e80000)
 ParOldGen       total 1365504K, used 930542K [0x0000000080000000, 0x00000000d3580000, 0x00000000d5580000)
  object space 1365504K, 68% used [0x0000000080000000,0x00000000b8cbbbf8,0x00000000d3580000)
 Metaspace       used 84417K, committed 85952K, reserved 1179648K
  class space    used 8424K, committed 9088K, reserved 1048576K
}
Event: 1640.839 GC heap before
{Heap before GC invocations=4881 (full 5):
 PSYoungGen      total 7680K, used 7231K [0x00000000d5580000, 0x00000000d5e80000, 0x0000000100000000)
  eden space 6656K, 99% used [0x00000000d5580000,0x00000000d5bfffe8,0x00000000d5c00000)
  from space 1024K, 56% used [0x00000000d5c80000,0x00000000d5d10000,0x00000000d5d80000)
  to   space 1024K, 0% used [0x00000000d5d80000,0x00000000d5d80000,0x00000000d5e80000)
 ParOldGen       total 1365504K, used 930542K [0x0000000080000000, 0x00000000d3580000, 0x00000000d5580000)
  object space 1365504K, 68% used [0x0000000080000000,0x00000000b8cbbbf8,0x00000000d3580000)
 Metaspace       used 84454K, committed 86016K, reserved 1179648K
  class space    used 8424K, committed 9088K, reserved 1048576K
}
Event: 1640.841 GC heap after
{Heap after GC invocations=4881 (full 5):
 PSYoungGen      total 7168K, used 288K [0x00000000d5580000, 0x00000000d5e00000, 0x0000000100000000)
  eden space 6656K, 0% used [0x00000000d5580000,0x00000000d5580000,0x00000000d5c00000)
  from space 512K, 56% used [0x00000000d5d80000,0x00000000d5dc8000,0x00000000d5e00000)
  to   space 512K, 0% used [0x00000000d5d00000,0x00000000d5d00000,0x00000000d5d80000)
 ParOldGen       total 1365504K, used 930968K [0x0000000080000000, 0x00000000d3580000, 0x00000000d5580000)
  object space 1365504K, 68% used [0x0000000080000000,0x00000000b8d263f8,0x00000000d3580000)
 Metaspace       used 84454K, committed 86016K, reserved 1179648K
  class space    used 8424K, committed 9088K, reserved 1048576K
}
Event: 1640.855 GC heap before
{Heap before GC invocations=4882 (full 5):
 PSYoungGen      total 7168K, used 6944K [0x00000000d5580000, 0x00000000d5e00000, 0x0000000100000000)
  eden space 6656K, 100% used [0x00000000d5580000,0x00000000d5c00000,0x00000000d5c00000)
  from space 512K, 56% used [0x00000000d5d80000,0x00000000d5dc8000,0x00000000d5e00000)
  to   space 512K, 0% used [0x00000000d5d00000,0x00000000d5d00000,0x00000000d5d80000)
 ParOldGen       total 1365504K, used 930968K [0x0000000080000000, 0x00000000d3580000, 0x00000000d5580000)
  object space 1365504K, 68% used [0x0000000080000000,0x00000000b8d263f8,0x00000000d3580000)
 Metaspace       used 84497K, committed 86016K, reserved 1179648K
  class space    used 8424K, committed 9088K, reserved 1048576K
}
Event: 1640.859 GC heap after
{Heap after GC invocations=4882 (full 5):
 PSYoungGen      total 7168K, used 486K [0x00000000d5580000, 0x00000000d6700000, 0x0000000100000000)
  eden space 6656K, 0% used [0x00000000d5580000,0x00000000d5580000,0x00000000d5c00000)
  from space 512K, 95% used [0x00000000d5d00000,0x00000000d5d79b18,0x00000000d5d80000)
  to   space 5632K, 0% used [0x00000000d6180000,0x00000000d6180000,0x00000000d6700000)
 ParOldGen       total 1365504K, used 935242K [0x0000000080000000, 0x00000000d3580000, 0x00000000d5580000)
  object space 1365504K, 68% used [0x0000000080000000,0x00000000b9152b90,0x00000000d3580000)
 Metaspace       used 84497K, committed 86016K, reserved 1179648K
  class space    used 8424K, committed 9088K, reserved 1048576K
}
Event: 1640.920 GC heap before
{Heap before GC invocations=4883 (full 5):
 PSYoungGen      total 7168K, used 7142K [0x00000000d5580000, 0x00000000d6700000, 0x0000000100000000)
  eden space 6656K, 100% used [0x00000000d5580000,0x00000000d5c00000,0x00000000d5c00000)
  from space 512K, 95% used [0x00000000d5d00000,0x00000000d5d79b18,0x00000000d5d80000)
  to   space 5632K, 0% used [0x00000000d6180000,0x00000000d6180000,0x00000000d6700000)
 ParOldGen       total 1365504K, used 935242K [0x0000000080000000, 0x00000000d3580000, 0x00000000d5580000)
  object space 1365504K, 68% used [0x0000000080000000,0x00000000b9152b90,0x00000000d3580000)
 Metaspace       used 84605K, committed 86208K, reserved 1179648K
  class space    used 8451K, committed 9152K, reserved 1048576K
}
Event: 1640.921 GC heap after
{Heap after GC invocations=4883 (full 5):
 PSYoungGen      total 8192K, used 1056K [0x00000000d5580000, 0x00000000d6300000, 0x0000000100000000)
  eden space 6656K, 0% used [0x00000000d5580000,0x00000000d5580000,0x00000000d5c00000)
  from space 1536K, 68% used [0x00000000d6180000,0x00000000d6288000,0x00000000d6300000)
  to   space 2560K, 0% used [0x00000000d5e00000,0x00000000d5e00000,0x00000000d6080000)
 ParOldGen       total 1365504K, used 935442K [0x0000000080000000, 0x00000000d3580000, 0x00000000d5580000)
  object space 1365504K, 68% used [0x0000000080000000,0x00000000b9184b90,0x00000000d3580000)
 Metaspace       used 84605K, committed 86208K, reserved 1179648K
  class space    used 8451K, committed 9152K, reserved 1048576K
}
Event: 1640.949 GC heap before
{Heap before GC invocations=4884 (full 5):
 PSYoungGen      total 8192K, used 7712K [0x00000000d5580000, 0x00000000d6300000, 0x0000000100000000)
  eden space 6656K, 100% used [0x00000000d5580000,0x00000000d5c00000,0x00000000d5c00000)
  from space 1536K, 68% used [0x00000000d6180000,0x00000000d6288000,0x00000000d6300000)
  to   space 2560K, 0% used [0x00000000d5e00000,0x00000000d5e00000,0x00000000d6080000)
 ParOldGen       total 1365504K, used 935442K [0x0000000080000000, 0x00000000d3580000, 0x00000000d5580000)
  object space 1365504K, 68% used [0x0000000080000000,0x00000000b9184b90,0x00000000d3580000)
 Metaspace       used 84652K, committed 86208K, reserved 1179648K
  class space    used 8455K, committed 9152K, reserved 1048576K
}
Event: 1640.954 GC heap after
{Heap after GC invocations=4884 (full 5):
 PSYoungGen      total 9216K, used 2112K [0x00000000d5580000, 0x00000000d6200000, 0x0000000100000000)
  eden space 6656K, 0% used [0x00000000d5580000,0x00000000d5580000,0x00000000d5c00000)
  from space 2560K, 82% used [0x00000000d5e00000,0x00000000d6010000,0x00000000d6080000)
  to   space 1536K, 0% used [0x00000000d6080000,0x00000000d6080000,0x00000000d6200000)
 ParOldGen       total 1365504K, used 936326K [0x0000000080000000, 0x00000000d3580000, 0x00000000d5580000)
  object space 1365504K, 68% used [0x0000000080000000,0x00000000b9261ba8,0x00000000d3580000)
 Metaspace       used 84652K, committed 86208K, reserved 1179648K
  class space    used 8455K, committed 9152K, reserved 1048576K
}
Event: 1641.058 GC heap before
{Heap before GC invocations=4885 (full 5):
 PSYoungGen      total 9216K, used 8768K [0x00000000d5580000, 0x00000000d6200000, 0x0000000100000000)
  eden space 6656K, 100% used [0x00000000d5580000,0x00000000d5c00000,0x00000000d5c00000)
  from space 2560K, 82% used [0x00000000d5e00000,0x00000000d6010000,0x00000000d6080000)
  to   space 1536K, 0% used [0x00000000d6080000,0x00000000d6080000,0x00000000d6200000)
 ParOldGen       total 1365504K, used 936326K [0x0000000080000000, 0x00000000d3580000, 0x00000000d5580000)
  object space 1365504K, 68% used [0x0000000080000000,0x00000000b9261ba8,0x00000000d3580000)
 Metaspace       used 84749K, committed 86336K, reserved 1179648K
  class space    used 8467K, committed 9152K, reserved 1048576K
}
Event: 1641.060 GC heap after
{Heap after GC invocations=4885 (full 5):
 PSYoungGen      total 8192K, used 1280K [0x00000000d5580000, 0x00000000d6200000, 0x0000000100000000)
  eden space 6656K, 0% used [0x00000000d5580000,0x00000000d5580000,0x00000000d5c00000)
  from space 1536K, 83% used [0x00000000d6080000,0x00000000d61c0000,0x00000000d6200000)
  to   space 2048K, 0% used [0x00000000d5e00000,0x00000000d5e00000,0x00000000d6000000)
 ParOldGen       total 1365504K, used 936542K [0x0000000080000000, 0x00000000d3580000, 0x00000000d5580000)
  object space 1365504K, 68% used [0x0000000080000000,0x00000000b9297ba8,0x00000000d3580000)
 Metaspace       used 84749K, committed 86336K, reserved 1179648K
  class space    used 8467K, committed 9152K, reserved 1048576K
}
Event: 1641.248 GC heap before
{Heap before GC invocations=4886 (full 5):
 PSYoungGen      total 8192K, used 7936K [0x00000000d5580000, 0x00000000d6200000, 0x0000000100000000)
  eden space 6656K, 100% used [0x00000000d5580000,0x00000000d5c00000,0x00000000d5c00000)
  from space 1536K, 83% used [0x00000000d6080000,0x00000000d61c0000,0x00000000d6200000)
  to   space 2048K, 0% used [0x00000000d5e00000,0x00000000d5e00000,0x00000000d6000000)
 ParOldGen       total 1365504K, used 936542K [0x0000000080000000, 0x00000000d3580000, 0x00000000d5580000)
  object space 1365504K, 68% used [0x0000000080000000,0x00000000b9297ba8,0x00000000d3580000)
 Metaspace       used 84750K, committed 86336K, reserved 1179648K
  class space    used 8467K, committed 9152K, reserved 1048576K
}
Event: 1641.251 GC heap after
{Heap after GC invocations=4886 (full 5):
 PSYoungGen      total 8192K, used 1360K [0x00000000d5580000, 0x00000000d6100000, 0x0000000100000000)
  eden space 6656K, 0% used [0x00000000d5580000,0x00000000d5580000,0x00000000d5c00000)
  from space 1536K, 88% used [0x00000000d5e00000,0x00000000d5f54010,0x00000000d5f80000)
  to   space 1536K, 0% used [0x00000000d5f80000,0x00000000d5f80000,0x00000000d6100000)
 ParOldGen       total 1365504K, used 936838K [0x0000000080000000, 0x00000000d3580000, 0x00000000d5580000)
  object space 1365504K, 68% used [0x0000000080000000,0x00000000b92e1ba8,0x00000000d3580000)
 Metaspace       used 84750K, committed 86336K, reserved 1179648K
  class space    used 8467K, committed 9152K, reserved 1048576K
}
Event: 1641.453 GC heap before
{Heap before GC invocations=4887 (full 5):
 PSYoungGen      total 8192K, used 8016K [0x00000000d5580000, 0x00000000d6100000, 0x0000000100000000)
  eden space 6656K, 100% used [0x00000000d5580000,0x00000000d5c00000,0x00000000d5c00000)
  from space 1536K, 88% used [0x00000000d5e00000,0x00000000d5f54010,0x00000000d5f80000)
  to   space 1536K, 0% used [0x00000000d5f80000,0x00000000d5f80000,0x00000000d6100000)
 ParOldGen       total 1365504K, used 936838K [0x0000000080000000, 0x00000000d3580000, 0x00000000d5580000)
  object space 1365504K, 68% used [0x0000000080000000,0x00000000b92e1ba8,0x00000000d3580000)
 Metaspace       used 84752K, committed 86336K, reserved 1179648K
  class space    used 8467K, committed 9152K, reserved 1048576K
}
Event: 1641.457 GC heap after
{Heap after GC invocations=4887 (full 5):
 PSYoungGen      total 7168K, used 480K [0x00000000d5580000, 0x00000000d6000000, 0x0000000100000000)
  eden space 6656K, 0% used [0x00000000d5580000,0x00000000d5580000,0x00000000d5c00000)
  from space 512K, 93% used [0x00000000d5f80000,0x00000000d5ff8000,0x00000000d6000000)
  to   space 1024K, 0% used [0x00000000d5e00000,0x00000000d5e00000,0x00000000d5f00000)
 ParOldGen       total 1365504K, used 938087K [0x0000000080000000, 0x00000000d3580000, 0x00000000d5580000)
  object space 1365504K, 68% used [0x0000000080000000,0x00000000b9419c78,0x00000000d3580000)
 Metaspace       used 84752K, committed 86336K, reserved 1179648K
  class space    used 8467K, committed 9152K, reserved 1048576K
}
Event: 1641.519 GC heap before
{Heap before GC invocations=4888 (full 5):
 PSYoungGen      total 7168K, used 7136K [0x00000000d5580000, 0x00000000d6000000, 0x0000000100000000)
  eden space 6656K, 100% used [0x00000000d5580000,0x00000000d5c00000,0x00000000d5c00000)
  from space 512K, 93% used [0x00000000d5f80000,0x00000000d5ff8000,0x00000000d6000000)
  to   space 1024K, 0% used [0x00000000d5e00000,0x00000000d5e00000,0x00000000d5f00000)
 ParOldGen       total 1365504K, used 938087K [0x0000000080000000, 0x00000000d3580000, 0x00000000d5580000)
  object space 1365504K, 68% used [0x0000000080000000,0x00000000b9419c78,0x00000000d3580000)
 Metaspace       used 84752K, committed 86336K, reserved 1179648K
  class space    used 8467K, committed 9152K, reserved 1048576K
}
Event: 1641.520 GC heap after
{Heap after GC invocations=4888 (full 5):
 PSYoungGen      total 7680K, used 1024K [0x00000000d5580000, 0x00000000d6000000, 0x0000000100000000)
  eden space 6656K, 0% used [0x00000000d5580000,0x00000000d5580000,0x00000000d5c00000)
  from space 1024K, 100% used [0x00000000d5e00000,0x00000000d5f00000,0x00000000d5f00000)
  to   space 1024K, 0% used [0x00000000d5f00000,0x00000000d5f00000,0x00000000d6000000)
 ParOldGen       total 1365504K, used 938248K [0x0000000080000000, 0x00000000d3580000, 0x00000000d5580000)
  object space 1365504K, 68% used [0x0000000080000000,0x00000000b9442298,0x00000000d3580000)
 Metaspace       used 84752K, committed 86336K, reserved 1179648K
  class space    used 8467K, committed 9152K, reserved 1048576K
}
Event: 1641.637 GC heap before
{Heap before GC invocations=4889 (full 5):
 PSYoungGen      total 7680K, used 7680K [0x00000000d5580000, 0x00000000d6000000, 0x0000000100000000)
  eden space 6656K, 100% used [0x00000000d5580000,0x00000000d5c00000,0x00000000d5c00000)
  from space 1024K, 100% used [0x00000000d5e00000,0x00000000d5f00000,0x00000000d5f00000)
  to   space 1024K, 0% used [0x00000000d5f00000,0x00000000d5f00000,0x00000000d6000000)
 ParOldGen       total 1365504K, used 938248K [0x0000000080000000, 0x00000000d3580000, 0x00000000d5580000)
  object space 1365504K, 68% used [0x0000000080000000,0x00000000b9442298,0x00000000d3580000)
 Metaspace       used 84752K, committed 86336K, reserved 1179648K
  class space    used 8467K, committed 9152K, reserved 1048576K
}
Event: 1641.639 GC heap after
{Heap after GC invocations=4889 (full 5):
 PSYoungGen      total 7680K, used 672K [0x00000000d5580000, 0x00000000d6000000, 0x0000000100000000)
  eden space 6656K, 0% used [0x00000000d5580000,0x00000000d5580000,0x00000000d5c00000)
  from space 1024K, 65% used [0x00000000d5f00000,0x00000000d5fa8000,0x00000000d6000000)
  to   space 1024K, 0% used [0x00000000d5e00000,0x00000000d5e00000,0x00000000d5f00000)
 ParOldGen       total 1365504K, used 939231K [0x0000000080000000, 0x00000000d3580000, 0x00000000d5580000)
  object space 1365504K, 68% used [0x0000000080000000,0x00000000b9537d28,0x00000000d3580000)
 Metaspace       used 84752K, committed 86336K, reserved 1179648K
  class space    used 8467K, committed 9152K, reserved 1048576K
}

Dll operation events (11 events):
Event: 0.009 Loaded shared library c:\Users\Lenevo\.vscode\extensions\redhat.java-1.46.0-win32-x64\jre\21.0.8-win32-x86_64\bin\java.dll
Event: 0.064 Loaded shared library c:\Users\Lenevo\.vscode\extensions\redhat.java-1.46.0-win32-x64\jre\21.0.8-win32-x86_64\bin\zip.dll
Event: 0.085 Loaded shared library C:\Users\Lenevo\.vscode\extensions\redhat.java-1.46.0-win32-x64\jre\21.0.8-win32-x86_64\bin\instrument.dll
Event: 0.092 Loaded shared library C:\Users\Lenevo\.vscode\extensions\redhat.java-1.46.0-win32-x64\jre\21.0.8-win32-x86_64\bin\net.dll
Event: 0.096 Loaded shared library C:\Users\Lenevo\.vscode\extensions\redhat.java-1.46.0-win32-x64\jre\21.0.8-win32-x86_64\bin\nio.dll
Event: 0.100 Loaded shared library C:\Users\Lenevo\.vscode\extensions\redhat.java-1.46.0-win32-x64\jre\21.0.8-win32-x86_64\bin\zip.dll
Event: 0.116 Loaded shared library C:\Users\Lenevo\.vscode\extensions\redhat.java-1.46.0-win32-x64\jre\21.0.8-win32-x86_64\bin\jimage.dll
Event: 0.183 Loaded shared library c:\Users\Lenevo\.vscode\extensions\redhat.java-1.46.0-win32-x64\jre\21.0.8-win32-x86_64\bin\verify.dll
Event: 1.261 Loaded shared library C:\Users\Lenevo\AppData\Roaming\Code\User\globalStorage\redhat.java\1.46.0\config_win\org.eclipse.equinox.launcher\org.eclipse.equinox.launcher.win32.win32.x86_64_1.2.1400.v20250801-0854\eclipse_11916.dll
Event: 2.724 Loaded shared library C:\Users\Lenevo\AppData\Local\Temp\jna--2022498359\jna10323032297188352966.dll
Event: 106.287 Loaded shared library C:\Users\Lenevo\.vscode\extensions\redhat.java-1.46.0-win32-x64\jre\21.0.8-win32-x86_64\bin\extnet.dll

Deoptimization events (20 events):
Event: 1641.645 Thread 0x0000022c4ad2fb30 Uncommon trap: trap_request=0xffffffc6 fr.pc=0x0000022c737d1ca0 relative=0x00000000000000c0
Event: 1641.645 Thread 0x0000022c4ad2fb30 Uncommon trap: reason=bimorphic_or_optimized_type_check action=maybe_recompile pc=0x0000022c737d1ca0 method=org.eclipse.jdt.internal.compiler.codegen.ConstantPool.literalIndexForType(Lorg/eclipse/jdt/internal/compiler/lookup/TypeBinding;)I @ 1 c2
Event: 1641.645 Thread 0x0000022c4ad2fb30 DEOPT PACKING pc=0x0000022c737d1ca0 sp=0x000000916e8fe5e0
Event: 1641.645 Thread 0x0000022c4ad2fb30 DEOPT UNPACKING pc=0x0000022c71ed6da2 sp=0x000000916e8fe588 mode 2
Event: 1641.646 Thread 0x0000022c4ad2fb30 Uncommon trap: trap_request=0xffffffc6 fr.pc=0x0000022c739d4ad0 relative=0x0000000000000730
Event: 1641.646 Thread 0x0000022c4ad2fb30 Uncommon trap: reason=bimorphic_or_optimized_type_check action=maybe_recompile pc=0x0000022c739d4ad0 method=org.eclipse.jdt.internal.compiler.lookup.FieldBinding.computeUniqueKey(Z)[C @ 55 c2
Event: 1641.646 Thread 0x0000022c4ad2fb30 DEOPT PACKING pc=0x0000022c739d4ad0 sp=0x000000916e8fe370
Event: 1641.646 Thread 0x0000022c4ad2fb30 DEOPT UNPACKING pc=0x0000022c71ed6da2 sp=0x000000916e8fe310 mode 2
Event: 1641.647 Thread 0x0000022c4ad31c00 Uncommon trap: trap_request=0xffffffc6 fr.pc=0x0000022c7375c084 relative=0x0000000000001ec4
Event: 1641.647 Thread 0x0000022c4ad31c00 Uncommon trap: reason=bimorphic_or_optimized_type_check action=maybe_recompile pc=0x0000022c7375c084 method=org.eclipse.jdt.core.dom.TypeBinding.isTypeVariable()Z @ 4 c2
Event: 1641.647 Thread 0x0000022c4ad31c00 DEOPT PACKING pc=0x0000022c7375c084 sp=0x000000916edfea20
Event: 1641.647 Thread 0x0000022c4ad31c00 DEOPT UNPACKING pc=0x0000022c71ed6da2 sp=0x000000916edfe900 mode 2
Event: 1641.647 Thread 0x0000022c4ad31c00 Uncommon trap: trap_request=0xffffffc6 fr.pc=0x0000022c737ddbac relative=0x000000000000030c
Event: 1641.647 Thread 0x0000022c4ad31c00 Uncommon trap: reason=bimorphic_or_optimized_type_check action=maybe_recompile pc=0x0000022c737ddbac method=org.eclipse.jdt.core.dom.TypeBinding.getModifiers()I @ 25 c2
Event: 1641.647 Thread 0x0000022c4ad31c00 DEOPT PACKING pc=0x0000022c737ddbac sp=0x000000916edfe990
Event: 1641.647 Thread 0x0000022c4ad31c00 DEOPT UNPACKING pc=0x0000022c71ed6da2 sp=0x000000916edfe918 mode 2
Event: 1641.647 Thread 0x0000022c4ad31c00 Uncommon trap: trap_request=0xffffffc6 fr.pc=0x0000022c73b2489c relative=0x0000000000000a7c
Event: 1641.647 Thread 0x0000022c4ad31c00 Uncommon trap: reason=bimorphic_or_optimized_type_check action=maybe_recompile pc=0x0000022c73b2489c method=org.eclipse.jdt.core.dom.TypeBinding.isGenericType()Z @ 13 c2
Event: 1641.647 Thread 0x0000022c4ad31c00 DEOPT PACKING pc=0x0000022c73b2489c sp=0x000000916edfe9a0
Event: 1641.647 Thread 0x0000022c4ad31c00 DEOPT UNPACKING pc=0x0000022c71ed6da2 sp=0x000000916edfe8e8 mode 2

Classes loaded (20 events):
Event: 308.019 Loading class java/util/stream/Nodes$AbstractConcNode done
Event: 308.019 Loading class java/util/stream/Nodes$ConcNode done
Event: 308.019 Loading class java/util/stream/Nodes$ToArrayTask$OfRef
Event: 308.019 Loading class java/util/stream/Nodes$ToArrayTask
Event: 308.020 Loading class java/util/stream/Nodes$ToArrayTask done
Event: 308.020 Loading class java/util/stream/Nodes$ToArrayTask$OfRef done
Event: 308.022 Loading class java/io/ObjectOutputStream$BlockDataOutputStream
Event: 308.022 Loading class java/io/ObjectOutputStream$BlockDataOutputStream done
Event: 308.022 Loading class java/io/ObjectOutputStream$HandleTable
Event: 308.022 Loading class java/io/ObjectOutputStream$HandleTable done
Event: 308.022 Loading class java/io/ObjectOutputStream$ReplaceTable
Event: 308.023 Loading class java/io/ObjectOutputStream$ReplaceTable done
Event: 358.346 Loading class java/nio/channels/CompletionHandler
Event: 358.346 Loading class java/nio/channels/CompletionHandler done
Event: 1039.292 Loading class java/util/stream/ReferencePipeline$15
Event: 1039.292 Loading class java/util/stream/ReferencePipeline$15 done
Event: 1039.292 Loading class java/util/stream/ReferencePipeline$15$1
Event: 1039.292 Loading class java/util/stream/ReferencePipeline$15$1 done
Event: 1070.281 Loading class java/util/Spliterators$IntArraySpliterator
Event: 1070.282 Loading class java/util/Spliterators$IntArraySpliterator done

Classes unloaded (7 events):
Event: 3.349 Thread 0x0000022c6552ec10 Unloading class 0x0000022c011a2800 'java/lang/invoke/LambdaForm$MH+0x0000022c011a2800'
Event: 3.349 Thread 0x0000022c6552ec10 Unloading class 0x0000022c011a2400 'java/lang/invoke/LambdaForm$MH+0x0000022c011a2400'
Event: 3.349 Thread 0x0000022c6552ec10 Unloading class 0x0000022c011a2000 'java/lang/invoke/LambdaForm$MH+0x0000022c011a2000'
Event: 3.349 Thread 0x0000022c6552ec10 Unloading class 0x0000022c011a1c00 'java/lang/invoke/LambdaForm$MH+0x0000022c011a1c00'
Event: 3.349 Thread 0x0000022c6552ec10 Unloading class 0x0000022c011a1800 'java/lang/invoke/LambdaForm$BMH+0x0000022c011a1800'
Event: 3.349 Thread 0x0000022c6552ec10 Unloading class 0x0000022c011a1400 'java/lang/invoke/LambdaForm$DMH+0x0000022c011a1400'
Event: 3.349 Thread 0x0000022c6552ec10 Unloading class 0x0000022c011a0000 'java/lang/invoke/LambdaForm$DMH+0x0000022c011a0000'

Classes redefined (0 events):
No events

Internal exceptions (20 events):
Event: 1609.775 Thread 0x0000022c4ad31570 Exception <a 'java/lang/ClassNotFoundException'{0x00000000d57e4018}: sun/net/www/protocol/jdt/Handler> (0x00000000d57e4018) 
thrown [s\src\hotspot\share\classfile\systemDictionary.cpp, line 312]
Event: 1609.775 Thread 0x0000022c4ad31570 Exception <a 'java/lang/ClassNotFoundException'{0x00000000d57f6af0}: sun/net/www/protocol/jdt/Handler> (0x00000000d57f6af0) 
thrown [s\src\hotspot\share\classfile\systemDictionary.cpp, line 312]
Event: 1609.776 Thread 0x0000022c4ad31570 Exception <a 'java/lang/ClassNotFoundException'{0x00000000d57f9390}: sun/net/www/protocol/jdt/Handler> (0x00000000d57f9390) 
thrown [s\src\hotspot\share\classfile\systemDictionary.cpp, line 312]
Event: 1612.092 Thread 0x0000022c4ad31570 Exception <a 'java/lang/ClassNotFoundException'{0x00000000d57611f0}: sun/net/www/protocol/jdt/Handler> (0x00000000d57611f0) 
thrown [s\src\hotspot\share\classfile\systemDictionary.cpp, line 312]
Event: 1612.092 Thread 0x0000022c4ad31570 Exception <a 'java/lang/ClassNotFoundException'{0x00000000d5766988}: sun/net/www/protocol/jdt/Handler> (0x00000000d5766988) 
thrown [s\src\hotspot\share\classfile\systemDictionary.cpp, line 312]
Event: 1628.556 Thread 0x0000022c4ad31570 Exception <a 'java/lang/ClassNotFoundException'{0x00000000d570af98}: sun/net/www/protocol/jdt/Handler> (0x00000000d570af98) 
thrown [s\src\hotspot\share\classfile\systemDictionary.cpp, line 312]
Event: 1628.556 Thread 0x0000022c4ad31570 Exception <a 'java/lang/ClassNotFoundException'{0x00000000d5710730}: sun/net/www/protocol/jdt/Handler> (0x00000000d5710730) 
thrown [s\src\hotspot\share\classfile\systemDictionary.cpp, line 312]
Event: 1633.409 Thread 0x0000022c47062be0 Exception <a 'sun/nio/fs/WindowsException'{0x00000000d57107f0}> (0x00000000d57107f0) 
thrown [s\src\hotspot\share\prims\jni.cpp, line 520]
Event: 1633.471 Thread 0x0000022c47062be0 Exception <a 'sun/nio/fs/WindowsException'{0x00000000d559e258}> (0x00000000d559e258) 
thrown [s\src\hotspot\share\prims\jni.cpp, line 520]
Event: 1640.838 Thread 0x0000022c4970e510 Exception <a 'java/lang/ArrayIndexOutOfBoundsException'{0x00000000d5bf65a8}: Index 4862 out of bounds for length 4862> (0x00000000d5bf65a8) 
thrown [s\src\hotspot\share\interpreter\interpreterRuntime.cpp, line 439]
Event: 1640.838 Thread 0x0000022c4970e510 Exception <a 'java/lang/ArrayIndexOutOfBoundsException'{0x00000000d5bf6e30}: Index 4862 out of bounds for length 4862> (0x00000000d5bf6e30) 
thrown [s\src\hotspot\share\interpreter\interpreterRuntime.cpp, line 439]
Event: 1640.838 Thread 0x0000022c4970e510 Exception <a 'java/lang/ArrayIndexOutOfBoundsException'{0x00000000d5bf71b8}: Index 4863 out of bounds for length 4862> (0x00000000d5bf71b8) 
thrown [s\src\hotspot\share\interpreter\interpreterRuntime.cpp, line 439]
Event: 1640.927 Thread 0x0000022c4970e510 Implicit null exception at 0x0000022c72e3884e to 0x0000022c72e39814
Event: 1640.927 Thread 0x0000022c4970e510 Implicit null exception at 0x0000022c72e3884e to 0x0000022c72e39814
Event: 1640.927 Thread 0x0000022c4970e510 Implicit null exception at 0x0000022c73a8982c to 0x0000022c73a8a300
Event: 1640.941 Thread 0x0000022c4970e510 Implicit null exception at 0x0000022c738fee78 to 0x0000022c738ff3cc
Event: 1641.242 Thread 0x0000022c4ad2fb30 Implicit null exception at 0x0000022c730cbe94 to 0x0000022c730cbfa6
Event: 1641.244 Thread 0x0000022c4ad2fb30 Implicit null exception at 0x0000022c72f787fb to 0x0000022c72f7a611
Event: 1641.245 Thread 0x0000022c4ad2fb30 Implicit null exception at 0x0000022c73a1b814 to 0x0000022c73a1b9bc
Event: 1641.245 Thread 0x0000022c4ad2fb30 Implicit null exception at 0x0000022c72a6afb8 to 0x0000022c72a6bf74

ZGC Phase Switch (0 events):
No events

VM Operations (20 events):
Event: 1640.914 Executing VM operation: HandshakeAllThreads (Deoptimize)
Event: 1640.914 Executing VM operation: HandshakeAllThreads (Deoptimize) done
Event: 1640.917 Executing VM operation: HandshakeAllThreads (Deoptimize)
Event: 1640.917 Executing VM operation: HandshakeAllThreads (Deoptimize) done
Event: 1640.919 Executing VM operation: ParallelGCFailedAllocation (Allocation Failure)
Event: 1640.921 Executing VM operation: ParallelGCFailedAllocation (Allocation Failure) done
Event: 1640.949 Executing VM operation: ParallelGCFailedAllocation (Allocation Failure)
Event: 1640.954 Executing VM operation: ParallelGCFailedAllocation (Allocation Failure) done
Event: 1640.962 Executing VM operation: HandshakeAllThreads (Deoptimize)
Event: 1640.962 Executing VM operation: HandshakeAllThreads (Deoptimize) done
Event: 1641.058 Executing VM operation: ParallelGCFailedAllocation (Allocation Failure)
Event: 1641.060 Executing VM operation: ParallelGCFailedAllocation (Allocation Failure) done
Event: 1641.248 Executing VM operation: ParallelGCFailedAllocation (Allocation Failure)
Event: 1641.251 Executing VM operation: ParallelGCFailedAllocation (Allocation Failure) done
Event: 1641.453 Executing VM operation: ParallelGCFailedAllocation (Allocation Failure)
Event: 1641.457 Executing VM operation: ParallelGCFailedAllocation (Allocation Failure) done
Event: 1641.519 Executing VM operation: ParallelGCFailedAllocation (Allocation Failure)
Event: 1641.520 Executing VM operation: ParallelGCFailedAllocation (Allocation Failure) done
Event: 1641.637 Executing VM operation: ParallelGCFailedAllocation (Allocation Failure)
Event: 1641.639 Executing VM operation: ParallelGCFailedAllocation (Allocation Failure) done

Memory protections (0 events):
No events

Nmethod flushes (20 events):
Event: 1071.017 Thread 0x0000022c6552ec10 flushing  nmethod 0x0000022c6cc71590
Event: 1071.017 Thread 0x0000022c6552ec10 flushing  nmethod 0x0000022c6cc86710
Event: 1071.017 Thread 0x0000022c6552ec10 flushing  nmethod 0x0000022c6cc86d90
Event: 1071.017 Thread 0x0000022c6552ec10 flushing  nmethod 0x0000022c6cc8c210
Event: 1071.017 Thread 0x0000022c6552ec10 flushing  nmethod 0x0000022c6cc90b10
Event: 1071.017 Thread 0x0000022c6552ec10 flushing  nmethod 0x0000022c6cc99510
Event: 1071.017 Thread 0x0000022c6552ec10 flushing  nmethod 0x0000022c6cc9a290
Event: 1071.017 Thread 0x0000022c6552ec10 flushing  nmethod 0x0000022c6cc9af90
Event: 1071.017 Thread 0x0000022c6552ec10 flushing  nmethod 0x0000022c6ccc2e90
Event: 1071.017 Thread 0x0000022c6552ec10 flushing  nmethod 0x0000022c6ccc4d90
Event: 1071.017 Thread 0x0000022c6552ec10 flushing  nmethod 0x0000022c6ccc5d10
Event: 1071.017 Thread 0x0000022c6552ec10 flushing  nmethod 0x0000022c6ccc6a10
Event: 1071.017 Thread 0x0000022c6552ec10 flushing  nmethod 0x0000022c6cd01490
Event: 1071.017 Thread 0x0000022c6552ec10 flushing  nmethod 0x0000022c6cd7f710
Event: 1071.017 Thread 0x0000022c6552ec10 flushing  nmethod 0x0000022c6cdd2510
Event: 1071.017 Thread 0x0000022c6552ec10 flushing  nmethod 0x0000022c6cddd410
Event: 1071.017 Thread 0x0000022c6552ec10 flushing  nmethod 0x0000022c6cdddd10
Event: 1071.017 Thread 0x0000022c6552ec10 flushing osr nmethod 0x0000022c6cde1e10
Event: 1071.017 Thread 0x0000022c6552ec10 flushing osr nmethod 0x0000022c6cde5190
Event: 1071.017 Thread 0x0000022c6552ec10 flushing  nmethod 0x0000022c6cde8490

Events (20 events):
Event: 1618.771 Thread 0x0000022c47063270 Thread added: 0x0000022c4631fc40
Event: 1630.692 Thread 0x0000022c4631fc40 Thread added: 0x0000022c46323750
Event: 1630.693 Thread 0x0000022c46323750 Thread added: 0x0000022c463202d0
Event: 1630.693 Thread 0x0000022c46323750 Thread added: 0x0000022c4c9d6690
Event: 1630.693 Thread 0x0000022c4c9d6690 Thread exited: 0x0000022c4c9d6690
Event: 1630.693 Thread 0x0000022c463202d0 Thread exited: 0x0000022c463202d0
Event: 1630.693 Thread 0x0000022c46323750 Thread exited: 0x0000022c46323750
Event: 1630.699 Thread 0x0000022c4631fc40 Thread added: 0x0000022c4c9d6690
Event: 1630.700 Thread 0x0000022c4c9d6690 Thread exited: 0x0000022c4c9d6690
Event: 1630.795 Thread 0x0000022c49710c70 Thread exited: 0x0000022c49710c70
Event: 1633.559 Thread 0x0000022c47063270 Thread added: 0x0000022c4c9d6690
Event: 1633.565 Thread 0x0000022c47063270 Thread added: 0x0000022c4c9d3210
Event: 1640.508 Thread 0x0000022c4d177090 Thread exited: 0x0000022c4d177090
Event: 1640.841 Thread 0x0000022c7f3a7f70 Thread added: 0x0000022c46d954e0
Event: 1640.841 Thread 0x0000022c7f3a7f70 Thread added: 0x0000022c46d976f0
Event: 1640.841 Thread 0x0000022c7f3a7f70 Thread added: 0x0000022c48d375c0
Event: 1640.863 Thread 0x0000022c7f3b41f0 Thread added: 0x0000022c4a4afb80
Event: 1640.945 Thread 0x0000022c48d375c0 Thread added: 0x0000022c4a4ae710
Event: 1641.646 Thread 0x0000022c4a4ae710 Thread exited: 0x0000022c4a4ae710
Event: 1641.646 Thread 0x0000022c4a4afb80 Thread exited: 0x0000022c4a4afb80


Dynamic libraries:
0x00007ff62c220000 - 0x00007ff62c22e000 	c:\Users\Lenevo\.vscode\extensions\redhat.java-1.46.0-win32-x64\jre\21.0.8-win32-x86_64\bin\java.exe
0x00007ff9dbd80000 - 0x00007ff9dbfe8000 	C:\WINDOWS\SYSTEM32\ntdll.dll
0x00007ff9db300000 - 0x00007ff9db3c9000 	C:\WINDOWS\System32\KERNEL32.DLL
0x00007ff9d9000000 - 0x00007ff9d93f2000 	C:\WINDOWS\System32\KERNELBASE.dll
0x00007ff9d98d0000 - 0x00007ff9d9a1b000 	C:\WINDOWS\System32\ucrtbase.dll
0x00007ff9c54d0000 - 0x00007ff9c54ee000 	c:\Users\Lenevo\.vscode\extensions\redhat.java-1.46.0-win32-x64\jre\21.0.8-win32-x86_64\bin\VCRUNTIME140.dll
0x00007ff9c5330000 - 0x00007ff9c5348000 	c:\Users\Lenevo\.vscode\extensions\redhat.java-1.46.0-win32-x64\jre\21.0.8-win32-x86_64\bin\jli.dll
0x00007ff9d9b50000 - 0x00007ff9d9d15000 	C:\WINDOWS\System32\USER32.dll
0x00007ff9d8fd0000 - 0x00007ff9d8ff7000 	C:\WINDOWS\System32\win32u.dll
0x00007ff9da590000 - 0x00007ff9da5bb000 	C:\WINDOWS\System32\GDI32.dll
0x00007ff9bf300000 - 0x00007ff9bf593000 	C:\WINDOWS\WinSxS\amd64_microsoft.windows.common-controls_6595b64144ccf1df_6.0.26100.6725_none_3e085828e334708b\COMCTL32.dll
0x00007ff9d96f0000 - 0x00007ff9d981d000 	C:\WINDOWS\System32\gdi32full.dll
0x00007ff9d9820000 - 0x00007ff9d98c3000 	C:\WINDOWS\System32\msvcp_win.dll
0x00007ff9dbab0000 - 0x00007ff9dbb59000 	C:\WINDOWS\System32\msvcrt.dll
0x00007ff9da940000 - 0x00007ff9da96f000 	C:\WINDOWS\System32\IMM32.DLL
0x00000000505f0000 - 0x00000000505fc000 	C:\Program Files (x86)\360\Total Security\safemon\SafeWrapper.dll
0x00007ff9d9eb0000 - 0x00007ff9d9f64000 	C:\WINDOWS\System32\ADVAPI32.dll
0x00007ff9db930000 - 0x00007ff9db9d6000 	C:\WINDOWS\System32\sechost.dll
0x00007ff9da980000 - 0x00007ff9daa98000 	C:\WINDOWS\System32\RPCRT4.dll
0x00007ff993b10000 - 0x00007ff993bbc000 	C:\Program Files (x86)\360\Total Security\safemon\libzdtp64.dll
0x00007ff9dab20000 - 0x00007ff9db26c000 	C:\WINDOWS\System32\SHELL32.dll
0x00007ff9d9580000 - 0x00007ff9d96eb000 	C:\WINDOWS\System32\wintypes.dll
0x00007ff9da5c0000 - 0x00007ff9da93b000 	C:\WINDOWS\System32\combase.dll
0x00007ff9db9f0000 - 0x00007ff9dba52000 	C:\WINDOWS\System32\SHLWAPI.dll
0x00007ff9d8840000 - 0x00007ff9d884b000 	C:\WINDOWS\SYSTEM32\VERSION.dll
0x00007ff9c5630000 - 0x00007ff9c563c000 	c:\Users\Lenevo\.vscode\extensions\redhat.java-1.46.0-win32-x64\jre\21.0.8-win32-x86_64\bin\vcruntime140_1.dll
0x00007ff9b1ca0000 - 0x00007ff9b1d2d000 	c:\Users\Lenevo\.vscode\extensions\redhat.java-1.46.0-win32-x64\jre\21.0.8-win32-x86_64\bin\msvcp140.dll
0x00007ff8fb3f0000 - 0x00007ff8fc187000 	c:\Users\Lenevo\.vscode\extensions\redhat.java-1.46.0-win32-x64\jre\21.0.8-win32-x86_64\bin\server\jvm.dll
0x00007ff9da510000 - 0x00007ff9da584000 	C:\WINDOWS\System32\WS2_32.dll
0x00007ff9d8d70000 - 0x00007ff9d8dce000 	C:\WINDOWS\SYSTEM32\POWRPROF.dll
0x00007ff9c8f60000 - 0x00007ff9c8f95000 	C:\WINDOWS\SYSTEM32\WINMM.dll
0x00007ff9d8d50000 - 0x00007ff9d8d64000 	C:\WINDOWS\SYSTEM32\UMPDC.dll
0x00007ff9d7c50000 - 0x00007ff9d7c6b000 	C:\WINDOWS\SYSTEM32\kernel.appcore.dll
0x00007ff9c54c0000 - 0x00007ff9c54ca000 	c:\Users\Lenevo\.vscode\extensions\redhat.java-1.46.0-win32-x64\jre\21.0.8-win32-x86_64\bin\jimage.dll
0x00007ff9d6660000 - 0x00007ff9d68a2000 	C:\WINDOWS\SYSTEM32\DBGHELP.DLL
0x00007ff9db700000 - 0x00007ff9db7d7000 	C:\WINDOWS\System32\OLEAUT32.dll
0x00007ff9bd620000 - 0x00007ff9bd65c000 	C:\WINDOWS\SYSTEM32\dbgcore.DLL
0x00007ff9d9ab0000 - 0x00007ff9d9b48000 	C:\WINDOWS\System32\bcryptPrimitives.dll
0x00007ff9c5250000 - 0x00007ff9c525f000 	c:\Users\Lenevo\.vscode\extensions\redhat.java-1.46.0-win32-x64\jre\21.0.8-win32-x86_64\bin\instrument.dll
0x00007ff9c5230000 - 0x00007ff9c524f000 	c:\Users\Lenevo\.vscode\extensions\redhat.java-1.46.0-win32-x64\jre\21.0.8-win32-x86_64\bin\java.dll
0x00007ff9d6ab0000 - 0x00007ff9d730d000 	C:\WINDOWS\SYSTEM32\windows.storage.dll
0x00007ff9da410000 - 0x00007ff9da502000 	C:\WINDOWS\System32\SHCORE.dll
0x00007ff9d8e30000 - 0x00007ff9d8e59000 	C:\WINDOWS\SYSTEM32\profapi.dll
0x00007ff9c51c0000 - 0x00007ff9c51d8000 	c:\Users\Lenevo\.vscode\extensions\redhat.java-1.46.0-win32-x64\jre\21.0.8-win32-x86_64\bin\zip.dll
0x00007ff9c5220000 - 0x00007ff9c5230000 	C:\Users\Lenevo\.vscode\extensions\redhat.java-1.46.0-win32-x64\jre\21.0.8-win32-x86_64\bin\net.dll
0x00007ff9d1170000 - 0x00007ff9d128f000 	C:\WINDOWS\SYSTEM32\WINHTTP.dll
0x00007ff9d81e0000 - 0x00007ff9d824b000 	C:\WINDOWS\system32\mswsock.dll
0x00007ff9c51a0000 - 0x00007ff9c51b6000 	C:\Users\Lenevo\.vscode\extensions\redhat.java-1.46.0-win32-x64\jre\21.0.8-win32-x86_64\bin\nio.dll
0x00007ff9c5100000 - 0x00007ff9c5110000 	c:\Users\Lenevo\.vscode\extensions\redhat.java-1.46.0-win32-x64\jre\21.0.8-win32-x86_64\bin\verify.dll
0x00007ff9bd800000 - 0x00007ff9bd844000 	C:\Users\Lenevo\AppData\Roaming\Code\User\globalStorage\redhat.java\1.46.0\config_win\org.eclipse.equinox.launcher\org.eclipse.equinox.launcher.win32.win32.x86_64_1.2.1400.v20250801-0854\eclipse_11916.dll
0x00007ff9db560000 - 0x00007ff9db6f8000 	C:\WINDOWS\System32\ole32.dll
0x00007ff9d84a0000 - 0x00007ff9d84bb000 	C:\WINDOWS\SYSTEM32\CRYPTSP.dll
0x00007ff9d7ba0000 - 0x00007ff9d7bdb000 	C:\WINDOWS\system32\rsaenh.dll
0x00007ff9d8280000 - 0x00007ff9d82ab000 	C:\WINDOWS\SYSTEM32\USERENV.dll
0x00007ff9d8e00000 - 0x00007ff9d8e26000 	C:\WINDOWS\SYSTEM32\bcrypt.dll
0x00007ff9d8490000 - 0x00007ff9d849c000 	C:\WINDOWS\SYSTEM32\CRYPTBASE.dll
0x00007ff9d76f0000 - 0x00007ff9d7724000 	C:\WINDOWS\SYSTEM32\IPHLPAPI.DLL
0x00007ff9db270000 - 0x00007ff9db27a000 	C:\WINDOWS\System32\NSI.dll
0x00007ff9bab10000 - 0x00007ff9bab59000 	C:\Users\Lenevo\AppData\Local\Temp\jna--2022498359\jna10323032297188352966.dll
0x00007ff9d9ea0000 - 0x00007ff9d9ea8000 	C:\WINDOWS\System32\PSAPI.DLL
0x00007ff9d2140000 - 0x00007ff9d215e000 	C:\WINDOWS\SYSTEM32\dhcpcsvc6.DLL
0x00007ff9d2110000 - 0x00007ff9d2133000 	C:\WINDOWS\SYSTEM32\dhcpcsvc.DLL
0x00007ff9d7d70000 - 0x00007ff9d7da6000 	C:\WINDOWS\SYSTEM32\ntmarta.dll
0x00007ff9cec70000 - 0x00007ff9cec79000 	C:\Users\Lenevo\.vscode\extensions\redhat.java-1.46.0-win32-x64\jre\21.0.8-win32-x86_64\bin\extnet.dll

JVMTI agents:
c:\Users\Lenevo\.vscode\extensions\redhat.java-1.46.0-win32-x64\lombok\lombok-1.18.39-4050.jar path:c:\Users\Lenevo\.vscode\extensions\redhat.java-1.46.0-win32-x64\jre\21.0.8-win32-x86_64\bin\instrument.dll, loaded, initialized, instrumentlib options:none

dbghelp: loaded successfully - version: 4.0.5 - missing functions: none
symbol engine: initialized successfully - sym options: 0x614 - pdb path: .;c:\Users\Lenevo\.vscode\extensions\redhat.java-1.46.0-win32-x64\jre\21.0.8-win32-x86_64\bin;C:\WINDOWS\SYSTEM32;C:\WINDOWS\WinSxS\amd64_microsoft.windows.common-controls_6595b64144ccf1df_6.0.26100.6725_none_3e085828e334708b;C:\Program Files (x86)\360\Total Security\safemon;c:\Users\Lenevo\.vscode\extensions\redhat.java-1.46.0-win32-x64\jre\21.0.8-win32-x86_64\bin\server;C:\Users\Lenevo\AppData\Roaming\Code\User\globalStorage\redhat.java\1.46.0\config_win\org.eclipse.equinox.launcher\org.eclipse.equinox.launcher.win32.win32.x86_64_1.2.1400.v20250801-0854;C:\Users\Lenevo\AppData\Local\Temp\jna--2022498359

VM Arguments:
jvm_args: --add-modules=ALL-SYSTEM --add-opens=java.base/java.util=ALL-UNNAMED --add-opens=java.base/java.lang=ALL-UNNAMED --add-opens=java.base/sun.nio.fs=ALL-UNNAMED -Declipse.application=org.eclipse.jdt.ls.core.id1 -Dosgi.bundles.defaultStartLevel=4 -Declipse.product=org.eclipse.jdt.ls.core.product -Djava.import.generatesMetadataFilesAtProjectRoot=false -DDetectVMInstallationsJob.disabled=true -Dfile.encoding=utf8 -XX:+UseParallelGC -XX:GCTimeRatio=4 -XX:AdaptiveSizePolicyWeight=90 -Dsun.zip.disableMemoryMapping=true -Xmx2G -Xms100m -Xlog:disable -javaagent:c:\Users\Lenevo\.vscode\extensions\redhat.java-1.46.0-win32-x64\lombok\lombok-1.18.39-4050.jar -XX:+HeapDumpOnOutOfMemoryError -XX:HeapDumpPath=c:\Users\Lenevo\AppData\Roaming\Code\User\workspaceStorage\0e16ea0f1af15fade8e53a4aa33cfae1\redhat.java -Daether.dependencyCollector.impl=bf 
java_command: c:\Users\Lenevo\.vscode\extensions\redhat.java-1.46.0-win32-x64\server\plugins\org.eclipse.equinox.launcher_1.7.0.v20250519-0528.jar -configuration c:\Users\Lenevo\AppData\Roaming\Code\User\globalStorage\redhat.java\1.46.0\config_win -data c:\Users\Lenevo\AppData\Roaming\Code\User\workspaceStorage\0e16ea0f1af15fade8e53a4aa33cfae1\redhat.java\jdt_ws --pipe=\\.\pipe\lsp-64694a17fbd4784345391d546f530a20-sock
java_class_path (initial): c:\Users\Lenevo\.vscode\extensions\redhat.java-1.46.0-win32-x64\server\plugins\org.eclipse.equinox.launcher_1.7.0.v20250519-0528.jar
Launcher Type: SUN_STANDARD

[Global flags]
    uintx AdaptiveSizePolicyWeight                 = 90                                        {product} {command line}
     intx CICompilerCount                          = 12                                        {product} {ergonomic}
    uintx GCTimeRatio                              = 4                                         {product} {command line}
     bool HeapDumpOnOutOfMemoryError               = true                                   {manageable} {command line}
    ccstr HeapDumpPath                             = c:\Users\Lenevo\AppData\Roaming\Code\User\workspaceStorage\0e16ea0f1af15fade8e53a4aa33cfae1\redhat.java         {manageable} {command line}
   size_t InitialHeapSize                          = 104857600                                 {product} {command line}
   size_t MaxHeapSize                              = 2147483648                                {product} {command line}
   size_t MaxNewSize                               = 715653120                                 {product} {ergonomic}
   size_t MinHeapDeltaBytes                        = 524288                                    {product} {ergonomic}
   size_t MinHeapSize                              = 104857600                                 {product} {command line}
   size_t NewSize                                  = 34603008                                  {product} {ergonomic}
    uintx NonNMethodCodeHeapSize                   = 7602480                                {pd product} {ergonomic}
    uintx NonProfiledCodeHeapSize                  = 122027880                              {pd product} {ergonomic}
   size_t OldSize                                  = 70254592                                  {product} {ergonomic}
    uintx ProfiledCodeHeapSize                     = 122027880                              {pd product} {ergonomic}
    uintx ReservedCodeCacheSize                    = 251658240                              {pd product} {ergonomic}
     bool SegmentedCodeCache                       = true                                      {product} {ergonomic}
   size_t SoftMaxHeapSize                          = 2147483648                             {manageable} {ergonomic}
     bool UseCompressedOops                        = true                           {product lp64_product} {ergonomic}
     bool UseLargePagesIndividualAllocation        = false                                  {pd product} {ergonomic}
     bool UseParallelGC                            = true                                      {product} {command line}

Logging:
Log output configuration:
 #0: stdout all=off uptime,level,tags foldmultilines=false
 #1: stderr all=off uptime,level,tags foldmultilines=false

Environment Variables:
JAVA_HOME=C:\Users\Lenevo\OneDrive\Oracle_JDK-23
PATH=C:\Program Files (x86)\Microchip\mplabc18\v3.45\mpasm;C:\Program Files (x86)\Microchip\mplabc18\v3.45\bin;C:\Program Files\Common Files\Oracle\Java\javapath;C:\Windows\system32;C:\Windows;C:\Windows\System32\Wbem;C:\Windows\System32\WindowsPowerShell\v1.0\;C:\Windows\System32\OpenSSH\;C:\Program Files (x86)\NVIDIA Corporation\PhysX\Common;C:\Program Files\NVIDIA Corporation\NVIDIA NvDLISR;C:\Users\Lenevo\OneDrive\Oracle_JDK-23\bin;C:\Program Files (x86)\Microchip\xc8\v1.30\bin;C:\WINDOWS\system32;C:\WINDOWS;C:\WINDOWS\System32\Wbem;C:\WINDOWS\System32\WindowsPowerShell\v1.0\;C:\WINDOWS\System32\OpenSSH\;C:\Program Files (x86)\Microchip\MPLAB C32 Suite\bin;D:\MinGW\bin;C:\Program Files\Git\cmd;C:\Program Files\nodejs\;C:\Program Files\Docker\Docker\resources\bin;C:\Users\Lenovo\kind;C:\Program Files\MySQL\MySQL Shell 8.0\bin\;C:\Program Files (x86)\Microchip\mplabc18\v3.45\mpasm;C:\Program Files (x86)\Microchip\mplabc18\v3.45\bin;C:\Users\Lenevo\AppData\Local\Programs\Python\Launcher\;C:\Users\Lenevo\AppData\Local\Microsoft\WindowsApps;C:\Users\Lenevo\AppData\Local\Programs\Microsoft VS Code\bin;C:\Users\Lenevo\AppData\Roaming\npm;C:\Users\Lenevo\AppData\Local\Google\Cloud SDK\google-cloud-sdk\bin
USERNAME=Lenevo
OS=Windows_NT
PROCESSOR_IDENTIFIER=AMD64 Family 25 Model 116 Stepping 1, AuthenticAMD
TMP=C:\Users\Lenevo\AppData\Local\Temp
TEMP=C:\Users\Lenevo\AppData\Local\Temp




Periodic native trim disabled

---------------  S Y S T E M  ---------------

OS:
 Windows 11 , 64 bit Build 26100 (10.0.26100.6725)
OS uptime: 0 days 6:16 hours
Hyper-V role detected

CPU: total 16 (initial active 16) (16 cores per cpu, 2 threads per core) family 25 model 116 stepping 1 microcode 0xa704104, cx8, cmov, fxsr, ht, mmx, 3dnowpref, sse, sse2, sse3, ssse3, sse4a, sse4.1, sse4.2, popcnt, lzcnt, tsc, tscinvbit, avx, avx2, aes, erms, clmul, bmi1, bmi2, adx, avx512f, avx512dq, avx512cd, avx512bw, avx512vl, sha, fma, vzeroupper, avx512_vpopcntdq, avx512_vpclmulqdq, avx512_vaes, avx512_vnni, clflush, clflushopt, avx512_vbmi2, avx512_vbmi, hv, rdtscp, rdpid, fsrm, gfni, avx512_bitalg, f16c, cet_ss, avx512_ifma
Processor Information for processor 0
  Max Mhz: 3801, Current Mhz: 3486, Mhz Limit: 3801
Processor Information for processor 1
  Max Mhz: 3801, Current Mhz: 3486, Mhz Limit: 3801
Processor Information for processor 2
  Max Mhz: 3801, Current Mhz: 3486, Mhz Limit: 3801
Processor Information for processor 3
  Max Mhz: 3801, Current Mhz: 3486, Mhz Limit: 3801
Processor Information for processor 4
  Max Mhz: 3801, Current Mhz: 3486, Mhz Limit: 3801
Processor Information for processor 5
  Max Mhz: 3801, Current Mhz: 2018, Mhz Limit: 3801
Processor Information for processor 6
  Max Mhz: 3801, Current Mhz: 3486, Mhz Limit: 3801
Processor Information for processor 7
  Max Mhz: 3801, Current Mhz: 3486, Mhz Limit: 3801
Processor Information for processor 8
  Max Mhz: 3801, Current Mhz: 3486, Mhz Limit: 3801
Processor Information for processor 9
  Max Mhz: 3801, Current Mhz: 3486, Mhz Limit: 3801
Processor Information for processor 10
  Max Mhz: 3801, Current Mhz: 3486, Mhz Limit: 3801
Processor Information for processor 11
  Max Mhz: 3801, Current Mhz: 3486, Mhz Limit: 3801
Processor Information for processor 12
  Max Mhz: 3801, Current Mhz: 3486, Mhz Limit: 3801
Processor Information for processor 13
  Max Mhz: 3801, Current Mhz: 3486, Mhz Limit: 3801
Processor Information for processor 14
  Max Mhz: 3801, Current Mhz: 3486, Mhz Limit: 3801
Processor Information for processor 15
  Max Mhz: 3801, Current Mhz: 3486, Mhz Limit: 3801

Memory: 4k page, system-wide physical 15554M (1570M free)
TotalPageFile size 30050M (AvailPageFile size 480M)
current process WorkingSet (physical memory assigned to process): 1518M, peak: 1687M
current process commit charge ("private bytes"): 1756M, peak: 1768M

vm_info: OpenJDK 64-Bit Server VM (21.0.8+9-LTS) for windows-amd64 JRE (21.0.8+9-LTS), built on 2025-07-15T00:00:00Z by "admin" with MS VC++ 17.7 (VS2022)

END.
